[debug] [2025-04-06T00:10:12.555Z] ----------------------------------------------------------------------
[debug] [2025-04-06T00:10:12.557Z] Command:       /opt/homebrew/Cellar/node/23.10.0_1/bin/node /opt/homebrew/bin/firebase deploy --only functions
[debug] [2025-04-06T00:10:12.558Z] CLI Version:   14.1.0
[debug] [2025-04-06T00:10:12.558Z] Platform:      darwin
[debug] [2025-04-06T00:10:12.558Z] Node Version:  v23.10.0
[debug] [2025-04-06T00:10:12.558Z] Time:          Sat Apr 05 2025 17:10:12 GMT-0700 (Pacific Daylight Time)
[debug] [2025-04-06T00:10:12.558Z] ----------------------------------------------------------------------
[debug] 
[debug] [2025-04-06T00:10:12.646Z] > command requires scopes: ["email","openid","https://www.googleapis.com/auth/cloudplatformprojects.readonly","https://www.googleapis.com/auth/firebase","https://www.googleapis.com/auth/cloud-platform"]
[debug] [2025-04-06T00:10:12.647Z] > authorizing via signed-in user (kabirr@oregonstate.edu)
[debug] [2025-04-06T00:10:12.647Z] [iam] checking project catalytica-b8ad9 for permissions ["cloudfunctions.functions.create","cloudfunctions.functions.delete","cloudfunctions.functions.get","cloudfunctions.functions.list","cloudfunctions.functions.update","cloudfunctions.operations.get","firebase.projects.get"]
[debug] [2025-04-06T00:10:12.647Z] Checked if tokens are valid: true, expires at: 1743900906198
[debug] [2025-04-06T00:10:12.647Z] Checked if tokens are valid: true, expires at: 1743900906198
[debug] [2025-04-06T00:10:12.648Z] >>> [apiv2][query] POST https://cloudresourcemanager.googleapis.com/v1/projects/catalytica-b8ad9:testIamPermissions [none]
[debug] [2025-04-06T00:10:12.648Z] >>> [apiv2][(partial)header] POST https://cloudresourcemanager.googleapis.com/v1/projects/catalytica-b8ad9:testIamPermissions x-goog-quota-user=projects/catalytica-b8ad9
[debug] [2025-04-06T00:10:12.648Z] >>> [apiv2][body] POST https://cloudresourcemanager.googleapis.com/v1/projects/catalytica-b8ad9:testIamPermissions {"permissions":["cloudfunctions.functions.create","cloudfunctions.functions.delete","cloudfunctions.functions.get","cloudfunctions.functions.list","cloudfunctions.functions.update","cloudfunctions.operations.get","firebase.projects.get"]}
[debug] [2025-04-06T00:10:12.991Z] <<< [apiv2][status] POST https://cloudresourcemanager.googleapis.com/v1/projects/catalytica-b8ad9:testIamPermissions 200
[debug] [2025-04-06T00:10:12.992Z] <<< [apiv2][body] POST https://cloudresourcemanager.googleapis.com/v1/projects/catalytica-b8ad9:testIamPermissions {"permissions":["cloudfunctions.functions.create","cloudfunctions.functions.delete","cloudfunctions.functions.get","cloudfunctions.functions.list","cloudfunctions.functions.update","cloudfunctions.operations.get","firebase.projects.get"]}
[debug] [2025-04-06T00:10:12.992Z] Checked if tokens are valid: true, expires at: 1743900906198
[debug] [2025-04-06T00:10:12.992Z] Checked if tokens are valid: true, expires at: 1743900906198
[debug] [2025-04-06T00:10:12.992Z] >>> [apiv2][query] POST https://iam.googleapis.com/v1/projects/catalytica-b8ad9/serviceAccounts/catalytica-b8ad9@appspot.gserviceaccount.com:testIamPermissions [none]
[debug] [2025-04-06T00:10:12.992Z] >>> [apiv2][body] POST https://iam.googleapis.com/v1/projects/catalytica-b8ad9/serviceAccounts/catalytica-b8ad9@appspot.gserviceaccount.com:testIamPermissions {"permissions":["iam.serviceAccounts.actAs"]}
[debug] [2025-04-06T00:10:13.261Z] <<< [apiv2][status] POST https://iam.googleapis.com/v1/projects/catalytica-b8ad9/serviceAccounts/catalytica-b8ad9@appspot.gserviceaccount.com:testIamPermissions 200
[debug] [2025-04-06T00:10:13.261Z] <<< [apiv2][body] POST https://iam.googleapis.com/v1/projects/catalytica-b8ad9/serviceAccounts/catalytica-b8ad9@appspot.gserviceaccount.com:testIamPermissions {"permissions":["iam.serviceAccounts.actAs"]}
[info] 
[info] === Deploying to 'catalytica-b8ad9'...
[info] 
[info] i  deploying functions 
[info] Running command: npm --prefix "$RESOURCE_DIR" run build
