[debug] [2025-04-06T03:41:05.776Z] ----------------------------------------------------------------------
[debug] [2025-04-06T03:41:05.777Z] Command:       /Users/kabirrraed/.nvm/versions/node/v21.2.0/bin/node /opt/homebrew/bin/firebase deploy --only functions
[debug] [2025-04-06T03:41:05.778Z] CLI Version:   14.1.0
[debug] [2025-04-06T03:41:05.778Z] Platform:      darwin
[debug] [2025-04-06T03:41:05.778Z] Node Version:  v21.2.0
[debug] [2025-04-06T03:41:05.778Z] Time:          Sat Apr 05 2025 20:41:05 GMT-0700 (Pacific Daylight Time)
[debug] [2025-04-06T03:41:05.778Z] ----------------------------------------------------------------------
[debug] 
[debug] [2025-04-06T03:41:05.867Z] > command requires scopes: ["email","openid","https://www.googleapis.com/auth/cloudplatformprojects.readonly","https://www.googleapis.com/auth/firebase","https://www.googleapis.com/auth/cloud-platform"]
[debug] [2025-04-06T03:41:05.867Z] > authorizing via signed-in user (kabirr@oregonstate.edu)
[debug] [2025-04-06T03:41:05.867Z] [iam] checking project catalytica-b8ad9 for permissions ["cloudfunctions.functions.create","cloudfunctions.functions.delete","cloudfunctions.functions.get","cloudfunctions.functions.list","cloudfunctions.functions.update","cloudfunctions.operations.get","firebase.projects.get"]
[debug] [2025-04-06T03:41:05.867Z] Checked if tokens are valid: true, expires at: 1743912369795
[debug] [2025-04-06T03:41:05.867Z] Checked if tokens are valid: true, expires at: 1743912369795
[debug] [2025-04-06T03:41:05.868Z] >>> [apiv2][query] POST https://cloudresourcemanager.googleapis.com/v1/projects/catalytica-b8ad9:testIamPermissions [none]
[debug] [2025-04-06T03:41:05.868Z] >>> [apiv2][(partial)header] POST https://cloudresourcemanager.googleapis.com/v1/projects/catalytica-b8ad9:testIamPermissions x-goog-quota-user=projects/catalytica-b8ad9
[debug] [2025-04-06T03:41:05.868Z] >>> [apiv2][body] POST https://cloudresourcemanager.googleapis.com/v1/projects/catalytica-b8ad9:testIamPermissions {"permissions":["cloudfunctions.functions.create","cloudfunctions.functions.delete","cloudfunctions.functions.get","cloudfunctions.functions.list","cloudfunctions.functions.update","cloudfunctions.operations.get","firebase.projects.get"]}
[debug] [2025-04-06T03:41:06.005Z] <<< [apiv2][status] POST https://cloudresourcemanager.googleapis.com/v1/projects/catalytica-b8ad9:testIamPermissions 200
[debug] [2025-04-06T03:41:06.005Z] <<< [apiv2][body] POST https://cloudresourcemanager.googleapis.com/v1/projects/catalytica-b8ad9:testIamPermissions {"permissions":["cloudfunctions.functions.create","cloudfunctions.functions.delete","cloudfunctions.functions.get","cloudfunctions.functions.list","cloudfunctions.functions.update","cloudfunctions.operations.get","firebase.projects.get"]}
[debug] [2025-04-06T03:41:06.005Z] Checked if tokens are valid: true, expires at: 1743912369795
[debug] [2025-04-06T03:41:06.005Z] Checked if tokens are valid: true, expires at: 1743912369795
[debug] [2025-04-06T03:41:06.005Z] >>> [apiv2][query] POST https://iam.googleapis.com/v1/projects/catalytica-b8ad9/serviceAccounts/catalytica-b8ad9@appspot.gserviceaccount.com:testIamPermissions [none]
[debug] [2025-04-06T03:41:06.005Z] >>> [apiv2][body] POST https://iam.googleapis.com/v1/projects/catalytica-b8ad9/serviceAccounts/catalytica-b8ad9@appspot.gserviceaccount.com:testIamPermissions {"permissions":["iam.serviceAccounts.actAs"]}
[debug] [2025-04-06T03:41:06.145Z] <<< [apiv2][status] POST https://iam.googleapis.com/v1/projects/catalytica-b8ad9/serviceAccounts/catalytica-b8ad9@appspot.gserviceaccount.com:testIamPermissions 200
[debug] [2025-04-06T03:41:06.145Z] <<< [apiv2][body] POST https://iam.googleapis.com/v1/projects/catalytica-b8ad9/serviceAccounts/catalytica-b8ad9@appspot.gserviceaccount.com:testIamPermissions {"permissions":["iam.serviceAccounts.actAs"]}
[info] 
[info] === Deploying to 'catalytica-b8ad9'...
[info] 
[info] i  deploying functions 
[info] Running command: npm --prefix "$RESOURCE_DIR" run build
[info] ✔  functions: Finished running predeploy script. 
[debug] [2025-04-06T03:41:07.671Z] Checked if tokens are valid: true, expires at: 1743912369795
[debug] [2025-04-06T03:41:07.671Z] Checked if tokens are valid: true, expires at: 1743912369795
[debug] [2025-04-06T03:41:07.671Z] >>> [apiv2][query] GET https://cloudresourcemanager.googleapis.com/v1/projects/catalytica-b8ad9 [none]
[debug] [2025-04-06T03:41:07.760Z] <<< [apiv2][status] GET https://cloudresourcemanager.googleapis.com/v1/projects/catalytica-b8ad9 200
[debug] [2025-04-06T03:41:07.760Z] <<< [apiv2][body] GET https://cloudresourcemanager.googleapis.com/v1/projects/catalytica-b8ad9 {"projectNumber":"891546386409","projectId":"catalytica-b8ad9","lifecycleState":"ACTIVE","name":"Catalytica","labels":{"firebase":"enabled","firebase-core":"disabled"},"createTime":"2025-04-05T18:35:56.593891Z"}
[info] i  functions: preparing codebase default for deployment 
[info] i  functions: ensuring required API cloudfunctions.googleapis.com is enabled... 
[debug] [2025-04-06T03:41:07.761Z] Checked if tokens are valid: true, expires at: 1743912369795
[debug] [2025-04-06T03:41:07.761Z] Checked if tokens are valid: true, expires at: 1743912369795
[debug] [2025-04-06T03:41:07.761Z] Checked if tokens are valid: true, expires at: 1743912369795
[debug] [2025-04-06T03:41:07.761Z] Checked if tokens are valid: true, expires at: 1743912369795
[info] i  functions: ensuring required API cloudbuild.googleapis.com is enabled... 
[debug] [2025-04-06T03:41:07.761Z] Checked if tokens are valid: true, expires at: 1743912369795
[debug] [2025-04-06T03:41:07.761Z] Checked if tokens are valid: true, expires at: 1743912369795
[info] i  artifactregistry: ensuring required API artifactregistry.googleapis.com is enabled... 
[debug] [2025-04-06T03:41:07.762Z] Checked if tokens are valid: true, expires at: 1743912369795
[debug] [2025-04-06T03:41:07.762Z] Checked if tokens are valid: true, expires at: 1743912369795
[debug] [2025-04-06T03:41:07.762Z] >>> [apiv2][query] GET https://serviceusage.googleapis.com/v1/projects/catalytica-b8ad9/services/cloudfunctions.googleapis.com [none]
[debug] [2025-04-06T03:41:07.762Z] >>> [apiv2][(partial)header] GET https://serviceusage.googleapis.com/v1/projects/catalytica-b8ad9/services/cloudfunctions.googleapis.com x-goog-quota-user=projects/catalytica-b8ad9
[debug] [2025-04-06T03:41:07.763Z] >>> [apiv2][query] GET https://serviceusage.googleapis.com/v1/projects/catalytica-b8ad9/services/runtimeconfig.googleapis.com [none]
[debug] [2025-04-06T03:41:07.763Z] >>> [apiv2][(partial)header] GET https://serviceusage.googleapis.com/v1/projects/catalytica-b8ad9/services/runtimeconfig.googleapis.com x-goog-quota-user=projects/catalytica-b8ad9
[debug] [2025-04-06T03:41:07.763Z] >>> [apiv2][query] GET https://serviceusage.googleapis.com/v1/projects/catalytica-b8ad9/services/cloudbuild.googleapis.com [none]
[debug] [2025-04-06T03:41:07.763Z] >>> [apiv2][(partial)header] GET https://serviceusage.googleapis.com/v1/projects/catalytica-b8ad9/services/cloudbuild.googleapis.com x-goog-quota-user=projects/catalytica-b8ad9
[debug] [2025-04-06T03:41:07.764Z] >>> [apiv2][query] GET https://serviceusage.googleapis.com/v1/projects/catalytica-b8ad9/services/artifactregistry.googleapis.com [none]
[debug] [2025-04-06T03:41:07.764Z] >>> [apiv2][(partial)header] GET https://serviceusage.googleapis.com/v1/projects/catalytica-b8ad9/services/artifactregistry.googleapis.com x-goog-quota-user=projects/catalytica-b8ad9
[debug] [2025-04-06T03:41:08.015Z] <<< [apiv2][status] GET https://serviceusage.googleapis.com/v1/projects/catalytica-b8ad9/services/cloudbuild.googleapis.com 200
[debug] [2025-04-06T03:41:08.015Z] <<< [apiv2][body] GET https://serviceusage.googleapis.com/v1/projects/catalytica-b8ad9/services/cloudbuild.googleapis.com [omitted]
[info] ✔  functions: required API cloudbuild.googleapis.com is enabled 
[debug] [2025-04-06T03:41:08.017Z] <<< [apiv2][status] GET https://serviceusage.googleapis.com/v1/projects/catalytica-b8ad9/services/artifactregistry.googleapis.com 200
[debug] [2025-04-06T03:41:08.017Z] <<< [apiv2][body] GET https://serviceusage.googleapis.com/v1/projects/catalytica-b8ad9/services/artifactregistry.googleapis.com [omitted]
[info] ✔  artifactregistry: required API artifactregistry.googleapis.com is enabled 
[debug] [2025-04-06T03:41:08.192Z] <<< [apiv2][status] GET https://serviceusage.googleapis.com/v1/projects/catalytica-b8ad9/services/cloudfunctions.googleapis.com 200
[debug] [2025-04-06T03:41:08.192Z] <<< [apiv2][body] GET https://serviceusage.googleapis.com/v1/projects/catalytica-b8ad9/services/cloudfunctions.googleapis.com [omitted]
[info] ✔  functions: required API cloudfunctions.googleapis.com is enabled 
[debug] [2025-04-06T03:41:08.193Z] <<< [apiv2][status] GET https://serviceusage.googleapis.com/v1/projects/catalytica-b8ad9/services/runtimeconfig.googleapis.com 200
[debug] [2025-04-06T03:41:08.193Z] <<< [apiv2][body] GET https://serviceusage.googleapis.com/v1/projects/catalytica-b8ad9/services/runtimeconfig.googleapis.com [omitted]
[debug] [2025-04-06T03:41:08.193Z] Checked if tokens are valid: true, expires at: 1743912369795
[debug] [2025-04-06T03:41:08.193Z] Checked if tokens are valid: true, expires at: 1743912369795
[debug] [2025-04-06T03:41:08.193Z] >>> [apiv2][query] GET https://firebase.googleapis.com/v1beta1/projects/catalytica-b8ad9/adminSdkConfig [none]
[debug] [2025-04-06T03:41:08.373Z] <<< [apiv2][status] GET https://firebase.googleapis.com/v1beta1/projects/catalytica-b8ad9/adminSdkConfig 200
[debug] [2025-04-06T03:41:08.373Z] <<< [apiv2][body] GET https://firebase.googleapis.com/v1beta1/projects/catalytica-b8ad9/adminSdkConfig {"projectId":"catalytica-b8ad9","storageBucket":"catalytica-b8ad9.firebasestorage.app"}
[debug] [2025-04-06T03:41:08.374Z] Checked if tokens are valid: true, expires at: 1743912369795
[debug] [2025-04-06T03:41:08.374Z] Checked if tokens are valid: true, expires at: 1743912369795
[debug] [2025-04-06T03:41:08.374Z] >>> [apiv2][query] GET https://runtimeconfig.googleapis.com/v1beta1/projects/catalytica-b8ad9/configs [none]
[debug] [2025-04-06T03:41:08.519Z] <<< [apiv2][status] GET https://runtimeconfig.googleapis.com/v1beta1/projects/catalytica-b8ad9/configs 200
[debug] [2025-04-06T03:41:08.519Z] <<< [apiv2][body] GET https://runtimeconfig.googleapis.com/v1beta1/projects/catalytica-b8ad9/configs {"configs":[{"name":"projects/catalytica-b8ad9/configs/openweather"},{"name":"projects/catalytica-b8ad9/configs/weather"}]}
[debug] [2025-04-06T03:41:08.520Z] Checked if tokens are valid: true, expires at: 1743912369795
[debug] [2025-04-06T03:41:08.520Z] Checked if tokens are valid: true, expires at: 1743912369795
[debug] [2025-04-06T03:41:08.520Z] Checked if tokens are valid: true, expires at: 1743912369795
[debug] [2025-04-06T03:41:08.520Z] Checked if tokens are valid: true, expires at: 1743912369795
[debug] [2025-04-06T03:41:08.520Z] >>> [apiv2][query] GET https://runtimeconfig.googleapis.com/v1beta1/projects/catalytica-b8ad9/configs/openweather/variables [none]
[debug] [2025-04-06T03:41:08.521Z] >>> [apiv2][query] GET https://runtimeconfig.googleapis.com/v1beta1/projects/catalytica-b8ad9/configs/weather/variables [none]
[debug] [2025-04-06T03:41:08.584Z] <<< [apiv2][status] GET https://runtimeconfig.googleapis.com/v1beta1/projects/catalytica-b8ad9/configs/openweather/variables 200
[debug] [2025-04-06T03:41:08.584Z] <<< [apiv2][body] GET https://runtimeconfig.googleapis.com/v1beta1/projects/catalytica-b8ad9/configs/openweather/variables {"variables":[{"name":"projects/catalytica-b8ad9/configs/openweather/variables/key","updateTime":"2025-04-06T01:03:54.690400407Z"}]}
[debug] [2025-04-06T03:41:08.585Z] Checked if tokens are valid: true, expires at: 1743912369795
[debug] [2025-04-06T03:41:08.585Z] Checked if tokens are valid: true, expires at: 1743912369795
[debug] [2025-04-06T03:41:08.585Z] >>> [apiv2][query] GET https://runtimeconfig.googleapis.com/v1beta1/projects/catalytica-b8ad9/configs/openweather/variables/key [none]
[debug] [2025-04-06T03:41:08.787Z] <<< [apiv2][status] GET https://runtimeconfig.googleapis.com/v1beta1/projects/catalytica-b8ad9/configs/openweather/variables/key 200
[debug] [2025-04-06T03:41:08.788Z] <<< [apiv2][body] GET https://runtimeconfig.googleapis.com/v1beta1/projects/catalytica-b8ad9/configs/openweather/variables/key {"name":"projects/catalytica-b8ad9/configs/openweather/variables/key","updateTime":"2025-04-06T01:03:54.690400407Z","text":"5c9b0fcd199a99e6da5ca17c4ffa43f3"}
[debug] [2025-04-06T03:41:08.789Z] <<< [apiv2][status] GET https://runtimeconfig.googleapis.com/v1beta1/projects/catalytica-b8ad9/configs/weather/variables 200
[debug] [2025-04-06T03:41:08.789Z] <<< [apiv2][body] GET https://runtimeconfig.googleapis.com/v1beta1/projects/catalytica-b8ad9/configs/weather/variables {"variables":[{"name":"projects/catalytica-b8ad9/configs/weather/variables/key","updateTime":"2025-04-05T23:31:18.601919880Z"}]}
[debug] [2025-04-06T03:41:08.789Z] Checked if tokens are valid: true, expires at: 1743912369795
[debug] [2025-04-06T03:41:08.789Z] Checked if tokens are valid: true, expires at: 1743912369795
[debug] [2025-04-06T03:41:08.789Z] >>> [apiv2][query] GET https://runtimeconfig.googleapis.com/v1beta1/projects/catalytica-b8ad9/configs/weather/variables/key [none]
[debug] [2025-04-06T03:41:08.899Z] <<< [apiv2][status] GET https://runtimeconfig.googleapis.com/v1beta1/projects/catalytica-b8ad9/configs/weather/variables/key 200
[debug] [2025-04-06T03:41:08.900Z] <<< [apiv2][body] GET https://runtimeconfig.googleapis.com/v1beta1/projects/catalytica-b8ad9/configs/weather/variables/key {"name":"projects/catalytica-b8ad9/configs/weather/variables/key","updateTime":"2025-04-05T23:31:18.601919880Z","text":"5c9b0fcd199a99e6da5ca17c4ffa43f3"}
[debug] [2025-04-06T03:41:08.903Z] Validating nodejs source
[debug] [2025-04-06T03:41:09.328Z] > [functions] package.json contents: {
  "name": "functions",
  "scripts": {
    "build": "tsc",
    "build:watch": "tsc --watch",
    "serve": "npm run build && firebase emulators:start --only functions",
    "shell": "npm run build && firebase functions:shell",
    "start": "npm run shell",
    "deploy": "firebase deploy --only functions",
    "logs": "firebase functions:log"
  },
  "engines": {
    "node": "22"
  },
  "main": "lib/index.js",
  "dependencies": {
    "axios": "^1.8.4",
    "express": "^5.1.0",
    "firebase-admin": "^12.6.0",
    "firebase-functions": "^6.3.2"
  },
  "devDependencies": {
    "firebase-functions-test": "^3.1.0",
    "typescript": "^4.9.0"
  },
  "private": true
}
[debug] [2025-04-06T03:41:09.328Z] Building nodejs source
[info] i  functions: Loading and analyzing source code for codebase default to determine what to deploy 
[debug] [2025-04-06T03:41:09.329Z] Could not find functions.yaml. Must use http discovery
[debug] [2025-04-06T03:41:09.333Z] Found firebase-functions binary at '/Users/kabirrraed/Desktop/hackathon2025/Catalytica/frontend/functions/node_modules/.bin/firebase-functions'
[info] Serving at port 8950

[debug] [2025-04-06T03:41:09.662Z] Got response from /__/functions.yaml {"endpoints":{"scheduledWeatherUpdate":{"availableMemoryMb":null,"timeoutSeconds":null,"minInstances":null,"maxInstances":null,"ingressSettings":null,"concurrency":null,"serviceAccountEmail":null,"vpc":null,"platform":"gcfv2","labels":{},"scheduleTrigger":{"schedule":"every 5 hours","retryConfig":{"retryCount":null,"maxDoublings":null,"maxRetrySeconds":null,"minBackoffSeconds":null,"maxBackoffSeconds":null},"timeZone":null},"entryPoint":"scheduledWeatherUpdate"},"scheduledFIRMSUpdate":{"availableMemoryMb":null,"timeoutSeconds":null,"minInstances":null,"maxInstances":null,"ingressSettings":null,"concurrency":null,"serviceAccountEmail":null,"vpc":null,"platform":"gcfv2","labels":{},"scheduleTrigger":{"schedule":"every 1 minutes","retryConfig":{"retryCount":null,"maxDoublings":null,"maxRetrySeconds":null,"minBackoffSeconds":null,"maxBackoffSeconds":null},"timeZone":null},"entryPoint":"scheduledFIRMSUpdate"}},"specVersion":"v1alpha1","requiredAPIs":[{"api":"cloudscheduler.googleapis.com","reason":"Needed for scheduled functions."}],"extensions":{}}
[info] i  extensions: ensuring required API firebaseextensions.googleapis.com is enabled... 
[debug] [2025-04-06T03:41:14.676Z] Checked if tokens are valid: true, expires at: 1743912369795
[debug] [2025-04-06T03:41:14.676Z] Checked if tokens are valid: true, expires at: 1743912369795
[debug] [2025-04-06T03:41:14.676Z] >>> [apiv2][query] GET https://serviceusage.googleapis.com/v1/projects/catalytica-b8ad9/services/firebaseextensions.googleapis.com [none]
[debug] [2025-04-06T03:41:14.676Z] >>> [apiv2][(partial)header] GET https://serviceusage.googleapis.com/v1/projects/catalytica-b8ad9/services/firebaseextensions.googleapis.com x-goog-quota-user=projects/catalytica-b8ad9
[debug] [2025-04-06T03:41:15.107Z] <<< [apiv2][status] GET https://serviceusage.googleapis.com/v1/projects/catalytica-b8ad9/services/firebaseextensions.googleapis.com 200
[debug] [2025-04-06T03:41:15.107Z] <<< [apiv2][body] GET https://serviceusage.googleapis.com/v1/projects/catalytica-b8ad9/services/firebaseextensions.googleapis.com [omitted]
[info] ✔  extensions: required API firebaseextensions.googleapis.com is enabled 
[debug] [2025-04-06T03:41:15.108Z] > command requires scopes: ["email","openid","https://www.googleapis.com/auth/cloudplatformprojects.readonly","https://www.googleapis.com/auth/firebase","https://www.googleapis.com/auth/cloud-platform"]
[debug] [2025-04-06T03:41:15.108Z] > authorizing via signed-in user (kabirr@oregonstate.edu)
[debug] [2025-04-06T03:41:15.108Z] [iam] checking project catalytica-b8ad9 for permissions ["firebase.projects.get","firebaseextensions.instances.list"]
[debug] [2025-04-06T03:41:15.108Z] Checked if tokens are valid: true, expires at: 1743912369795
[debug] [2025-04-06T03:41:15.108Z] Checked if tokens are valid: true, expires at: 1743912369795
[debug] [2025-04-06T03:41:15.108Z] >>> [apiv2][query] POST https://cloudresourcemanager.googleapis.com/v1/projects/catalytica-b8ad9:testIamPermissions [none]
[debug] [2025-04-06T03:41:15.108Z] >>> [apiv2][(partial)header] POST https://cloudresourcemanager.googleapis.com/v1/projects/catalytica-b8ad9:testIamPermissions x-goog-quota-user=projects/catalytica-b8ad9
[debug] [2025-04-06T03:41:15.108Z] >>> [apiv2][body] POST https://cloudresourcemanager.googleapis.com/v1/projects/catalytica-b8ad9:testIamPermissions {"permissions":["firebase.projects.get","firebaseextensions.instances.list"]}
[debug] [2025-04-06T03:41:15.204Z] <<< [apiv2][status] POST https://cloudresourcemanager.googleapis.com/v1/projects/catalytica-b8ad9:testIamPermissions 200
[debug] [2025-04-06T03:41:15.204Z] <<< [apiv2][body] POST https://cloudresourcemanager.googleapis.com/v1/projects/catalytica-b8ad9:testIamPermissions {"permissions":["firebase.projects.get","firebaseextensions.instances.list"]}
[debug] [2025-04-06T03:41:15.205Z] Checked if tokens are valid: true, expires at: 1743912369795
[debug] [2025-04-06T03:41:15.205Z] Checked if tokens are valid: true, expires at: 1743912369795
[debug] [2025-04-06T03:41:15.206Z] >>> [apiv2][query] GET https://firebaseextensions.googleapis.com/v1beta/projects/catalytica-b8ad9/instances pageSize=100&pageToken=
[debug] [2025-04-06T03:41:15.546Z] <<< [apiv2][status] GET https://firebaseextensions.googleapis.com/v1beta/projects/catalytica-b8ad9/instances 200
[debug] [2025-04-06T03:41:15.546Z] <<< [apiv2][body] GET https://firebaseextensions.googleapis.com/v1beta/projects/catalytica-b8ad9/instances {}
[info] i  functions: preparing functions directory for uploading... 
[info] i  functions: packaged /Users/kabirrraed/Desktop/hackathon2025/Catalytica/frontend/functions (115.05 KB) for uploading 
[debug] [2025-04-06T03:41:15.612Z] Checked if tokens are valid: true, expires at: 1743912369795
[debug] [2025-04-06T03:41:15.612Z] Checked if tokens are valid: true, expires at: 1743912369795
[debug] [2025-04-06T03:41:15.612Z] >>> [apiv2][query] GET https://cloudfunctions.googleapis.com/v1/projects/catalytica-b8ad9/locations/-/functions [none]
[debug] [2025-04-06T03:41:16.210Z] <<< [apiv2][status] GET https://cloudfunctions.googleapis.com/v1/projects/catalytica-b8ad9/locations/-/functions 200
[debug] [2025-04-06T03:41:16.210Z] <<< [apiv2][body] GET https://cloudfunctions.googleapis.com/v1/projects/catalytica-b8ad9/locations/-/functions {}
[debug] [2025-04-06T03:41:16.211Z] Checked if tokens are valid: true, expires at: 1743912369795
[debug] [2025-04-06T03:41:16.211Z] Checked if tokens are valid: true, expires at: 1743912369795
[debug] [2025-04-06T03:41:16.211Z] >>> [apiv2][query] GET https://cloudfunctions.googleapis.com/v2/projects/catalytica-b8ad9/locations/-/functions filter=environment%3D%22GEN_2%22
[debug] [2025-04-06T03:41:16.816Z] <<< [apiv2][status] GET https://cloudfunctions.googleapis.com/v2/projects/catalytica-b8ad9/locations/-/functions 200
[debug] [2025-04-06T03:41:16.817Z] <<< [apiv2][body] GET https://cloudfunctions.googleapis.com/v2/projects/catalytica-b8ad9/locations/-/functions {"functions":[{"name":"projects/catalytica-b8ad9/locations/us-central1/functions/scheduledWeatherUpdate","buildConfig":{"build":"projects/891546386409/locations/us-central1/builds/d1c2a0b4-73de-4904-87c0-6e48888060a3","runtime":"nodejs22","entryPoint":"scheduledWeatherUpdate","source":{"storageSource":{"bucket":"gcf-v2-sources-891546386409-us-central1","object":"scheduledWeatherUpdate/function-source.zip","generation":"1743910767576916"}},"environmentVariables":{"GOOGLE_NODE_RUN_SCRIPTS":""},"dockerRepository":"projects/catalytica-b8ad9/locations/us-central1/repositories/gcf-artifacts","sourceProvenance":{"resolvedStorageSource":{"bucket":"gcf-v2-sources-891546386409-us-central1","object":"scheduledWeatherUpdate/function-source.zip","generation":"1743910767576916"}},"dockerRegistry":"ARTIFACT_REGISTRY","serviceAccount":"projects/catalytica-b8ad9/serviceAccounts/891546386409-compute@developer.gserviceaccount.com","automaticUpdatePolicy":{}},"serviceConfig":{"service":"projects/catalytica-b8ad9/locations/us-central1/services/scheduledweatherupdate","timeoutSeconds":60,"environmentVariables":{"FIREBASE_CONFIG":"{\"projectId\":\"catalytica-b8ad9\",\"storageBucket\":\"catalytica-b8ad9.firebasestorage.app\"}","GCLOUD_PROJECT":"catalytica-b8ad9","EVENTARC_CLOUD_EVENT_SOURCE":"projects/catalytica-b8ad9/locations/us-central1/services/scheduledWeatherUpdate","FUNCTION_TARGET":"scheduledWeatherUpdate","LOG_EXECUTION_ID":"true","FUNCTION_SIGNATURE_TYPE":"http"},"maxInstanceCount":100,"ingressSettings":"ALLOW_ALL","uri":"https://scheduledweatherupdate-3hh4vknqzq-uc.a.run.app","serviceAccountEmail":"891546386409-compute@developer.gserviceaccount.com","availableMemory":"256Mi","allTrafficOnLatestRevision":true,"revision":"scheduledweatherupdate-00003-taw","maxInstanceRequestConcurrency":80,"availableCpu":"1"},"state":"ACTIVE","updateTime":"2025-04-06T03:39:41.423900816Z","labels":{"firebase-functions-hash":"98aeb6ddab11ee04fcef06a0b57b95e89ee1d20d","deployment-tool":"cli-firebase","deployment-scheduled":"true"},"environment":"GEN_2","url":"https://us-central1-catalytica-b8ad9.cloudfunctions.net/scheduledWeatherUpdate","createTime":"2025-04-06T03:33:59.149559875Z","satisfiesPzi":true},{"name":"projects/catalytica-b8ad9/locations/us-central1/functions/scheduledFIRMSUpdate","buildConfig":{"build":"projects/891546386409/locations/us-central1/builds/d1c2a0b4-73de-4904-87c0-6e48888060a3","runtime":"nodejs22","entryPoint":"scheduledFIRMSUpdate","source":{"storageSource":{"bucket":"gcf-v2-sources-891546386409-us-central1","object":"scheduledFIRMSUpdate/function-source.zip","generation":"1743910707940346"}},"environmentVariables":{"GOOGLE_NODE_RUN_SCRIPTS":""},"dockerRepository":"projects/catalytica-b8ad9/locations/us-central1/repositories/gcf-artifacts","sourceProvenance":{"resolvedStorageSource":{"bucket":"gcf-v2-sources-891546386409-us-central1","object":"scheduledFIRMSUpdate/function-source.zip","generation":"1743910707940346"}},"dockerRegistry":"ARTIFACT_REGISTRY","serviceAccount":"projects/catalytica-b8ad9/serviceAccounts/891546386409-compute@developer.gserviceaccount.com","automaticUpdatePolicy":{}},"serviceConfig":{"service":"projects/catalytica-b8ad9/locations/us-central1/services/scheduledfirmsupdate","timeoutSeconds":60,"environmentVariables":{"FIREBASE_CONFIG":"{\"projectId\":\"catalytica-b8ad9\",\"storageBucket\":\"catalytica-b8ad9.firebasestorage.app\"}","GCLOUD_PROJECT":"catalytica-b8ad9","EVENTARC_CLOUD_EVENT_SOURCE":"projects/catalytica-b8ad9/locations/us-central1/services/scheduledFIRMSUpdate","FUNCTION_TARGET":"scheduledFIRMSUpdate","LOG_EXECUTION_ID":"true"},"maxInstanceCount":100,"ingressSettings":"ALLOW_ALL","uri":"https://scheduledfirmsupdate-3hh4vknqzq-uc.a.run.app","serviceAccountEmail":"891546386409-compute@developer.gserviceaccount.com","availableMemory":"256Mi","allTrafficOnLatestRevision":true,"revision":"scheduledfirmsupdate-00001-sab","maxInstanceRequestConcurrency":80,"availableCpu":"1"},"state":"ACTIVE","updateTime":"2025-04-06T03:39:37.333158766Z","labels":{"deployment-tool":"cli-firebase","deployment-scheduled":"true","firebase-functions-hash":"98aeb6ddab11ee04fcef06a0b57b95e89ee1d20d"},"environment":"GEN_2","url":"https://us-central1-catalytica-b8ad9.cloudfunctions.net/scheduledFIRMSUpdate","createTime":"2025-04-06T03:38:28.141233590Z","satisfiesPzi":true}]}
[info] i  functions: ensuring required API cloudscheduler.googleapis.com is enabled... 
[debug] [2025-04-06T03:41:16.819Z] Checked if tokens are valid: true, expires at: 1743912369795
[debug] [2025-04-06T03:41:16.819Z] Checked if tokens are valid: true, expires at: 1743912369795
[debug] [2025-04-06T03:41:16.819Z] >>> [apiv2][query] GET https://serviceusage.googleapis.com/v1/projects/catalytica-b8ad9/services/cloudscheduler.googleapis.com [none]
[debug] [2025-04-06T03:41:16.819Z] >>> [apiv2][(partial)header] GET https://serviceusage.googleapis.com/v1/projects/catalytica-b8ad9/services/cloudscheduler.googleapis.com x-goog-quota-user=projects/catalytica-b8ad9
[debug] [2025-04-06T03:41:17.049Z] <<< [apiv2][status] GET https://serviceusage.googleapis.com/v1/projects/catalytica-b8ad9/services/cloudscheduler.googleapis.com 200
[debug] [2025-04-06T03:41:17.050Z] <<< [apiv2][body] GET https://serviceusage.googleapis.com/v1/projects/catalytica-b8ad9/services/cloudscheduler.googleapis.com [omitted]
[info] ✔  functions: required API cloudscheduler.googleapis.com is enabled 
[info] i  functions: ensuring required API run.googleapis.com is enabled... 
[debug] [2025-04-06T03:41:17.051Z] Checked if tokens are valid: true, expires at: 1743912369795
[debug] [2025-04-06T03:41:17.051Z] Checked if tokens are valid: true, expires at: 1743912369795
[info] i  functions: ensuring required API eventarc.googleapis.com is enabled... 
[debug] [2025-04-06T03:41:17.051Z] Checked if tokens are valid: true, expires at: 1743912369795
[debug] [2025-04-06T03:41:17.051Z] Checked if tokens are valid: true, expires at: 1743912369795
[info] i  functions: ensuring required API pubsub.googleapis.com is enabled... 
[debug] [2025-04-06T03:41:17.051Z] Checked if tokens are valid: true, expires at: 1743912369795
[debug] [2025-04-06T03:41:17.052Z] Checked if tokens are valid: true, expires at: 1743912369795
[info] i  functions: ensuring required API storage.googleapis.com is enabled... 
[debug] [2025-04-06T03:41:17.052Z] Checked if tokens are valid: true, expires at: 1743912369795
[debug] [2025-04-06T03:41:17.052Z] Checked if tokens are valid: true, expires at: 1743912369795
[debug] [2025-04-06T03:41:17.052Z] >>> [apiv2][query] GET https://serviceusage.googleapis.com/v1/projects/catalytica-b8ad9/services/run.googleapis.com [none]
[debug] [2025-04-06T03:41:17.052Z] >>> [apiv2][(partial)header] GET https://serviceusage.googleapis.com/v1/projects/catalytica-b8ad9/services/run.googleapis.com x-goog-quota-user=projects/catalytica-b8ad9
[debug] [2025-04-06T03:41:17.052Z] >>> [apiv2][query] GET https://serviceusage.googleapis.com/v1/projects/catalytica-b8ad9/services/eventarc.googleapis.com [none]
[debug] [2025-04-06T03:41:17.052Z] >>> [apiv2][(partial)header] GET https://serviceusage.googleapis.com/v1/projects/catalytica-b8ad9/services/eventarc.googleapis.com x-goog-quota-user=projects/catalytica-b8ad9
[debug] [2025-04-06T03:41:17.054Z] >>> [apiv2][query] GET https://serviceusage.googleapis.com/v1/projects/catalytica-b8ad9/services/pubsub.googleapis.com [none]
[debug] [2025-04-06T03:41:17.054Z] >>> [apiv2][(partial)header] GET https://serviceusage.googleapis.com/v1/projects/catalytica-b8ad9/services/pubsub.googleapis.com x-goog-quota-user=projects/catalytica-b8ad9
[debug] [2025-04-06T03:41:17.056Z] >>> [apiv2][query] GET https://serviceusage.googleapis.com/v1/projects/catalytica-b8ad9/services/storage.googleapis.com [none]
[debug] [2025-04-06T03:41:17.056Z] >>> [apiv2][(partial)header] GET https://serviceusage.googleapis.com/v1/projects/catalytica-b8ad9/services/storage.googleapis.com x-goog-quota-user=projects/catalytica-b8ad9
[debug] [2025-04-06T03:41:17.210Z] <<< [apiv2][status] GET https://serviceusage.googleapis.com/v1/projects/catalytica-b8ad9/services/run.googleapis.com 200
[debug] [2025-04-06T03:41:17.210Z] <<< [apiv2][body] GET https://serviceusage.googleapis.com/v1/projects/catalytica-b8ad9/services/run.googleapis.com [omitted]
[info] ✔  functions: required API run.googleapis.com is enabled 
[debug] [2025-04-06T03:41:17.254Z] <<< [apiv2][status] GET https://serviceusage.googleapis.com/v1/projects/catalytica-b8ad9/services/eventarc.googleapis.com 200
[debug] [2025-04-06T03:41:17.254Z] <<< [apiv2][body] GET https://serviceusage.googleapis.com/v1/projects/catalytica-b8ad9/services/eventarc.googleapis.com [omitted]
[info] ✔  functions: required API eventarc.googleapis.com is enabled 
[debug] [2025-04-06T03:41:17.454Z] <<< [apiv2][status] GET https://serviceusage.googleapis.com/v1/projects/catalytica-b8ad9/services/pubsub.googleapis.com 200
[debug] [2025-04-06T03:41:17.454Z] <<< [apiv2][body] GET https://serviceusage.googleapis.com/v1/projects/catalytica-b8ad9/services/pubsub.googleapis.com [omitted]
[info] ✔  functions: required API pubsub.googleapis.com is enabled 
[debug] [2025-04-06T03:41:17.488Z] <<< [apiv2][status] GET https://serviceusage.googleapis.com/v1/projects/catalytica-b8ad9/services/storage.googleapis.com 200
[debug] [2025-04-06T03:41:17.488Z] <<< [apiv2][body] GET https://serviceusage.googleapis.com/v1/projects/catalytica-b8ad9/services/storage.googleapis.com [omitted]
[info] ✔  functions: required API storage.googleapis.com is enabled 
[info] i  functions: generating the service identity for pubsub.googleapis.com... 
[debug] [2025-04-06T03:41:17.490Z] Checked if tokens are valid: true, expires at: 1743912369795
[debug] [2025-04-06T03:41:17.490Z] Checked if tokens are valid: true, expires at: 1743912369795
[info] i  functions: generating the service identity for eventarc.googleapis.com... 
[debug] [2025-04-06T03:41:17.490Z] Checked if tokens are valid: true, expires at: 1743912369795
[debug] [2025-04-06T03:41:17.490Z] Checked if tokens are valid: true, expires at: 1743912369795
[debug] [2025-04-06T03:41:17.490Z] >>> [apiv2][query] POST https://serviceusage.googleapis.com/v1beta1/projects/891546386409/services/pubsub.googleapis.com:generateServiceIdentity [none]
[debug] [2025-04-06T03:41:17.491Z] >>> [apiv2][query] POST https://serviceusage.googleapis.com/v1beta1/projects/891546386409/services/eventarc.googleapis.com:generateServiceIdentity [none]
[debug] [2025-04-06T03:41:17.771Z] <<< [apiv2][status] POST https://serviceusage.googleapis.com/v1beta1/projects/891546386409/services/eventarc.googleapis.com:generateServiceIdentity 200
[debug] [2025-04-06T03:41:17.771Z] <<< [apiv2][body] POST https://serviceusage.googleapis.com/v1beta1/projects/891546386409/services/eventarc.googleapis.com:generateServiceIdentity {"name":"operations/finished.DONE_OPERATION","done":true,"response":{"@type":"type.googleapis.com/google.api.serviceusage.v1beta1.ServiceIdentity","email":"service-891546386409@gcp-sa-eventarc.iam.gserviceaccount.com","uniqueId":"106164155691972312994"}}
[debug] [2025-04-06T03:41:17.776Z] <<< [apiv2][status] POST https://serviceusage.googleapis.com/v1beta1/projects/891546386409/services/pubsub.googleapis.com:generateServiceIdentity 200
[debug] [2025-04-06T03:41:17.777Z] <<< [apiv2][body] POST https://serviceusage.googleapis.com/v1beta1/projects/891546386409/services/pubsub.googleapis.com:generateServiceIdentity {"name":"operations/finished.DONE_OPERATION","done":true,"response":{"@type":"type.googleapis.com/google.api.serviceusage.v1beta1.ServiceIdentity","email":"service-891546386409@gcp-sa-pubsub.iam.gserviceaccount.com","uniqueId":"111701317574362101336"}}
[debug] [2025-04-06T03:41:17.778Z] Checked if tokens are valid: true, expires at: 1743912369795
[debug] [2025-04-06T03:41:17.778Z] Checked if tokens are valid: true, expires at: 1743912369795
[debug] [2025-04-06T03:41:17.778Z] >>> [apiv2][query] GET https://cloudresourcemanager.googleapis.com/v1/projects/catalytica-b8ad9 [none]
[debug] [2025-04-06T03:41:17.872Z] <<< [apiv2][status] GET https://cloudresourcemanager.googleapis.com/v1/projects/catalytica-b8ad9 200
[debug] [2025-04-06T03:41:17.873Z] <<< [apiv2][body] GET https://cloudresourcemanager.googleapis.com/v1/projects/catalytica-b8ad9 {"projectNumber":"891546386409","projectId":"catalytica-b8ad9","lifecycleState":"ACTIVE","name":"Catalytica","labels":{"firebase":"enabled","firebase-core":"disabled"},"createTime":"2025-04-05T18:35:56.593891Z"}
[debug] [2025-04-06T03:41:17.874Z] Checked if tokens are valid: true, expires at: 1743912369795
[debug] [2025-04-06T03:41:17.874Z] Checked if tokens are valid: true, expires at: 1743912369795
[debug] [2025-04-06T03:41:17.874Z] >>> [apiv2][query] GET https://cloudbilling.googleapis.com/v1/projects/catalytica-b8ad9/billingInfo [none]
[debug] [2025-04-06T03:41:18.492Z] <<< [apiv2][status] GET https://cloudbilling.googleapis.com/v1/projects/catalytica-b8ad9/billingInfo 200
[debug] [2025-04-06T03:41:18.492Z] <<< [apiv2][body] GET https://cloudbilling.googleapis.com/v1/projects/catalytica-b8ad9/billingInfo {"name":"projects/catalytica-b8ad9/billingInfo","projectId":"catalytica-b8ad9","billingAccountName":"billingAccounts/01E66C-3B44BC-CC8F3F","billingEnabled":true}
[debug] [2025-04-06T03:41:18.494Z] Checked if tokens are valid: true, expires at: 1743912369795
[debug] [2025-04-06T03:41:18.494Z] Checked if tokens are valid: true, expires at: 1743912369795
[debug] [2025-04-06T03:41:18.494Z] >>> [apiv2][query] POST https://cloudfunctions.googleapis.com/v2/projects/catalytica-b8ad9/locations/us-central1/functions:generateUploadUrl [none]
[debug] [2025-04-06T03:41:18.868Z] <<< [apiv2][status] POST https://cloudfunctions.googleapis.com/v2/projects/catalytica-b8ad9/locations/us-central1/functions:generateUploadUrl 200
[debug] [2025-04-06T03:41:18.869Z] <<< [apiv2][body] POST https://cloudfunctions.googleapis.com/v2/projects/catalytica-b8ad9/locations/us-central1/functions:generateUploadUrl {"uploadUrl":"https://storage.googleapis.com/gcf-v2-uploads-891546386409.us-central1.cloudfunctions.appspot.com/270054d8-5105-41d0-ad44-06c9e185223f.zip?GoogleAccessId=service-891546386409@gcf-admin-robot.iam.gserviceaccount.com&Expires=1743912678&Signature=rjSjX%2BCETby%2FPklWez0FDNyLmoSKHGpYa0Fzeaxb9kOaggXDc%2BPvPGjaBXJvNwu9nwWIN7nk8k2H2JLZTrz1RYfUD8g4c0%2FPMATjTQV3PHDH7OI9oUIYbZNP0tr5vizS5WEt7%2Bne2FI13BK6ez6rh4O1ANDYXy1%2FHNxo1JbkE4tfF%2Bhm80MXRmliF5E%2Bq8ykTq%2BcvaoKSUCdRlW7FcGejErBwgZ55mWQT5cqrSCI0o7nJjeDOSQQkcLT%2FwG8zekof5gu%2FkkQqwRNDA8KMFxkW%2BnzmDbyM91MTx0bujIGG%2FiOuby4IQxBeg2LbjmoEcoowNsGQvh6cQRtOE4n9LKMbQ%3D%3D","storageSource":{"bucket":"gcf-v2-uploads-891546386409.us-central1.cloudfunctions.appspot.com","object":"270054d8-5105-41d0-ad44-06c9e185223f.zip"}}
[debug] [2025-04-06T03:41:18.871Z] >>> [apiv2][query] PUT https://storage.googleapis.com/gcf-v2-uploads-891546386409.us-central1.cloudfunctions.appspot.com/270054d8-5105-41d0-ad44-06c9e185223f.zip GoogleAccessId=service-891546386409%40gcf-admin-robot.iam.gserviceaccount.com&Expires=1743912678&Signature=rjSjX%2BCETby%2FPklWez0FDNyLmoSKHGpYa0Fzeaxb9kOaggXDc%2BPvPGjaBXJvNwu9nwWIN7nk8k2H2JLZTrz1RYfUD8g4c0%2FPMATjTQV3PHDH7OI9oUIYbZNP0tr5vizS5WEt7%2Bne2FI13BK6ez6rh4O1ANDYXy1%2FHNxo1JbkE4tfF%2Bhm80MXRmliF5E%2Bq8ykTq%2BcvaoKSUCdRlW7FcGejErBwgZ55mWQT5cqrSCI0o7nJjeDOSQQkcLT%2FwG8zekof5gu%2FkkQqwRNDA8KMFxkW%2BnzmDbyM91MTx0bujIGG%2FiOuby4IQxBeg2LbjmoEcoowNsGQvh6cQRtOE4n9LKMbQ%3D%3D
[debug] [2025-04-06T03:41:18.871Z] >>> [apiv2][body] PUT https://storage.googleapis.com/gcf-v2-uploads-891546386409.us-central1.cloudfunctions.appspot.com/270054d8-5105-41d0-ad44-06c9e185223f.zip [stream]
[debug] [2025-04-06T03:41:19.112Z] <<< [apiv2][status] PUT https://storage.googleapis.com/gcf-v2-uploads-891546386409.us-central1.cloudfunctions.appspot.com/270054d8-5105-41d0-ad44-06c9e185223f.zip 200
[debug] [2025-04-06T03:41:19.113Z] <<< [apiv2][body] PUT https://storage.googleapis.com/gcf-v2-uploads-891546386409.us-central1.cloudfunctions.appspot.com/270054d8-5105-41d0-ad44-06c9e185223f.zip [omitted]
[info] ✔  functions: functions folder uploaded successfully 
[info] i  functions: updating Node.js 22 (2nd Gen) function scheduledWeatherUpdate(us-central1)... 
[info] i  functions: updating Node.js 22 (2nd Gen) function scheduledFIRMSUpdate(us-central1)... 
[debug] [2025-04-06T03:41:19.120Z] Checked if tokens are valid: true, expires at: 1743912369795
[debug] [2025-04-06T03:41:19.120Z] Checked if tokens are valid: true, expires at: 1743912369795
[debug] [2025-04-06T03:41:19.120Z] >>> [apiv2][query] PATCH https://cloudfunctions.googleapis.com/v2/projects/catalytica-b8ad9/locations/us-central1/functions/scheduledWeatherUpdate updateMask=name%2CbuildConfig.runtime%2CbuildConfig.entryPoint%2CbuildConfig.source.storageSource.bucket%2CbuildConfig.source.storageSource.object%2CbuildConfig.environmentVariables%2CbuildConfig.sourceToken%2CserviceConfig.environmentVariables%2CserviceConfig.ingressSettings%2CserviceConfig.timeoutSeconds%2CserviceConfig.serviceAccountEmail%2CserviceConfig.availableMemory%2CserviceConfig.minInstanceCount%2CserviceConfig.maxInstanceCount%2CserviceConfig.maxInstanceRequestConcurrency%2CserviceConfig.availableCpu%2CserviceConfig.vpcConnector%2CserviceConfig.vpcConnectorEgressSettings%2Clabels%2CbuildConfig.buildEnvironmentVariables
[debug] [2025-04-06T03:41:19.120Z] >>> [apiv2][body] PATCH https://cloudfunctions.googleapis.com/v2/projects/catalytica-b8ad9/locations/us-central1/functions/scheduledWeatherUpdate {"name":"projects/catalytica-b8ad9/locations/us-central1/functions/scheduledWeatherUpdate","buildConfig":{"runtime":"nodejs22","entryPoint":"scheduledWeatherUpdate","source":{"storageSource":{"bucket":"gcf-v2-uploads-891546386409.us-central1.cloudfunctions.appspot.com","object":"270054d8-5105-41d0-ad44-06c9e185223f.zip"}},"environmentVariables":{"GOOGLE_NODE_RUN_SCRIPTS":""}},"serviceConfig":{"environmentVariables":{"FIREBASE_CONFIG":"{\"projectId\":\"catalytica-b8ad9\",\"storageBucket\":\"catalytica-b8ad9.firebasestorage.app\"}","GCLOUD_PROJECT":"catalytica-b8ad9","EVENTARC_CLOUD_EVENT_SOURCE":"projects/catalytica-b8ad9/locations/us-central1/services/scheduledWeatherUpdate","FUNCTION_TARGET":"scheduledWeatherUpdate","LOG_EXECUTION_ID":"true","FUNCTION_SIGNATURE_TYPE":"http"},"ingressSettings":null,"timeoutSeconds":null,"serviceAccountEmail":null,"availableMemory":"256Mi","minInstanceCount":null,"maxInstanceCount":null,"maxInstanceRequestConcurrency":80,"availableCpu":"1","vpcConnector":null,"vpcConnectorEgressSettings":null},"labels":{"deployment-tool":"cli-firebase","deployment-scheduled":"true","firebase-functions-hash":"65a1b3cc0e182d723c71993bd560a9b8b1d63730"}}
[debug] [2025-04-06T03:41:20.127Z] <<< [apiv2][status] PATCH https://cloudfunctions.googleapis.com/v2/projects/catalytica-b8ad9/locations/us-central1/functions/scheduledWeatherUpdate 200
[debug] [2025-04-06T03:41:20.128Z] <<< [apiv2][body] PATCH https://cloudfunctions.googleapis.com/v2/projects/catalytica-b8ad9/locations/us-central1/functions/scheduledWeatherUpdate {"name":"projects/catalytica-b8ad9/locations/us-central1/operations/operation-1743910879416-63213e47ccf47-2de3ed7d-c7220fe3","metadata":{"@type":"type.googleapis.com/google.cloud.functions.v2.OperationMetadata","createTime":"2025-04-06T03:41:20.079383535Z","target":"projects/catalytica-b8ad9/locations/us-central1/functions/scheduledWeatherUpdate","verb":"update","cancelRequested":false,"apiVersion":"v2"},"done":false}
[debug] [2025-04-06T03:41:20.133Z] Checked if tokens are valid: true, expires at: 1743912369795
[debug] [2025-04-06T03:41:20.133Z] Checked if tokens are valid: true, expires at: 1743912369795
[debug] [2025-04-06T03:41:20.134Z] >>> [apiv2][query] GET https://cloudfunctions.googleapis.com/v2/projects/catalytica-b8ad9/locations/us-central1/operations/operation-1743910879416-63213e47ccf47-2de3ed7d-c7220fe3 [none]
[debug] [2025-04-06T03:41:20.418Z] <<< [apiv2][status] GET https://cloudfunctions.googleapis.com/v2/projects/catalytica-b8ad9/locations/us-central1/operations/operation-1743910879416-63213e47ccf47-2de3ed7d-c7220fe3 200
[debug] [2025-04-06T03:41:20.419Z] <<< [apiv2][body] GET https://cloudfunctions.googleapis.com/v2/projects/catalytica-b8ad9/locations/us-central1/operations/operation-1743910879416-63213e47ccf47-2de3ed7d-c7220fe3 {"name":"projects/catalytica-b8ad9/locations/us-central1/operations/operation-1743910879416-63213e47ccf47-2de3ed7d-c7220fe3","metadata":{"@type":"type.googleapis.com/google.cloud.functions.v2.OperationMetadata","createTime":"2025-04-06T03:41:20.079383535Z","target":"projects/catalytica-b8ad9/locations/us-central1/functions/scheduledWeatherUpdate","verb":"update","cancelRequested":false,"apiVersion":"v2","requestResource":{"@type":"type.googleapis.com/google.cloud.functions.v2.Function","name":"projects/catalytica-b8ad9/locations/us-central1/functions/scheduledWeatherUpdate","buildConfig":{"runtime":"nodejs22","entryPoint":"scheduledWeatherUpdate","source":{"storageSource":{"bucket":"gcf-v2-sources-891546386409-us-central1","object":"scheduledWeatherUpdate/function-source.zip","generation":"1743910880026573"}},"environmentVariables":{"GOOGLE_NODE_RUN_SCRIPTS":""},"dockerRepository":"projects/catalytica-b8ad9/locations/us-central1/repositories/gcf-artifacts","sourceProvenance":{"resolvedStorageSource":{"bucket":"gcf-v2-sources-891546386409-us-central1","object":"scheduledWeatherUpdate/function-source.zip","generation":"1743910767576916"}},"dockerRegistry":"ARTIFACT_REGISTRY","serviceAccount":"projects/catalytica-b8ad9/serviceAccounts/891546386409-compute@developer.gserviceaccount.com","automaticUpdatePolicy":{}},"serviceConfig":{"service":"projects/catalytica-b8ad9/locations/us-central1/services/scheduledweatherupdate","timeoutSeconds":60,"environmentVariables":{"FIREBASE_CONFIG":"{\"projectId\":\"catalytica-b8ad9\",\"storageBucket\":\"catalytica-b8ad9.firebasestorage.app\"}","GCLOUD_PROJECT":"catalytica-b8ad9","EVENTARC_CLOUD_EVENT_SOURCE":"projects/catalytica-b8ad9/locations/us-central1/services/scheduledWeatherUpdate","FUNCTION_TARGET":"scheduledWeatherUpdate","LOG_EXECUTION_ID":"true","FUNCTION_SIGNATURE_TYPE":"http"},"ingressSettings":"ALLOW_ALL","uri":"https://scheduledweatherupdate-3hh4vknqzq-uc.a.run.app","serviceAccountEmail":"891546386409-compute@developer.gserviceaccount.com","availableMemory":"256Mi","allTrafficOnLatestRevision":true,"revision":"scheduledweatherupdate-00003-taw","maxInstanceRequestConcurrency":80,"availableCpu":"1"},"state":"ACTIVE","labels":{"deployment-tool":"cli-firebase","deployment-scheduled":"true","firebase-functions-hash":"65a1b3cc0e182d723c71993bd560a9b8b1d63730"},"environment":"GEN_2","url":"https://us-central1-catalytica-b8ad9.cloudfunctions.net/scheduledWeatherUpdate","satisfiesPzi":true},"stages":[{"name":"BUILD","state":"NOT_STARTED"},{"name":"SERVICE","state":"NOT_STARTED"}],"operationType":"UPDATE_FUNCTION"},"done":false}
[debug] [2025-04-06T03:41:20.920Z] [update-default-us-central1-scheduledWeatherUpdate] Retrying task index 0
[debug] [2025-04-06T03:41:20.922Z] Checked if tokens are valid: true, expires at: 1743912369795
[debug] [2025-04-06T03:41:20.923Z] Checked if tokens are valid: true, expires at: 1743912369795
[debug] [2025-04-06T03:41:20.923Z] >>> [apiv2][query] GET https://cloudfunctions.googleapis.com/v2/projects/catalytica-b8ad9/locations/us-central1/operations/operation-1743910879416-63213e47ccf47-2de3ed7d-c7220fe3 [none]
[debug] [2025-04-06T03:41:21.197Z] <<< [apiv2][status] GET https://cloudfunctions.googleapis.com/v2/projects/catalytica-b8ad9/locations/us-central1/operations/operation-1743910879416-63213e47ccf47-2de3ed7d-c7220fe3 200
[debug] [2025-04-06T03:41:21.197Z] <<< [apiv2][body] GET https://cloudfunctions.googleapis.com/v2/projects/catalytica-b8ad9/locations/us-central1/operations/operation-1743910879416-63213e47ccf47-2de3ed7d-c7220fe3 {"name":"projects/catalytica-b8ad9/locations/us-central1/operations/operation-1743910879416-63213e47ccf47-2de3ed7d-c7220fe3","metadata":{"@type":"type.googleapis.com/google.cloud.functions.v2.OperationMetadata","createTime":"2025-04-06T03:41:20.079383535Z","target":"projects/catalytica-b8ad9/locations/us-central1/functions/scheduledWeatherUpdate","verb":"update","cancelRequested":false,"apiVersion":"v2","requestResource":{"@type":"type.googleapis.com/google.cloud.functions.v2.Function","name":"projects/catalytica-b8ad9/locations/us-central1/functions/scheduledWeatherUpdate","buildConfig":{"runtime":"nodejs22","entryPoint":"scheduledWeatherUpdate","source":{"storageSource":{"bucket":"gcf-v2-sources-891546386409-us-central1","object":"scheduledWeatherUpdate/function-source.zip","generation":"1743910880026573"}},"environmentVariables":{"GOOGLE_NODE_RUN_SCRIPTS":""},"dockerRepository":"projects/catalytica-b8ad9/locations/us-central1/repositories/gcf-artifacts","sourceProvenance":{"resolvedStorageSource":{"bucket":"gcf-v2-sources-891546386409-us-central1","object":"scheduledWeatherUpdate/function-source.zip","generation":"1743910767576916"}},"dockerRegistry":"ARTIFACT_REGISTRY","serviceAccount":"projects/catalytica-b8ad9/serviceAccounts/891546386409-compute@developer.gserviceaccount.com","automaticUpdatePolicy":{}},"serviceConfig":{"service":"projects/catalytica-b8ad9/locations/us-central1/services/scheduledweatherupdate","timeoutSeconds":60,"environmentVariables":{"FIREBASE_CONFIG":"{\"projectId\":\"catalytica-b8ad9\",\"storageBucket\":\"catalytica-b8ad9.firebasestorage.app\"}","GCLOUD_PROJECT":"catalytica-b8ad9","EVENTARC_CLOUD_EVENT_SOURCE":"projects/catalytica-b8ad9/locations/us-central1/services/scheduledWeatherUpdate","FUNCTION_TARGET":"scheduledWeatherUpdate","LOG_EXECUTION_ID":"true","FUNCTION_SIGNATURE_TYPE":"http"},"ingressSettings":"ALLOW_ALL","uri":"https://scheduledweatherupdate-3hh4vknqzq-uc.a.run.app","serviceAccountEmail":"891546386409-compute@developer.gserviceaccount.com","availableMemory":"256Mi","allTrafficOnLatestRevision":true,"revision":"scheduledweatherupdate-00003-taw","maxInstanceRequestConcurrency":80,"availableCpu":"1"},"state":"ACTIVE","labels":{"deployment-tool":"cli-firebase","deployment-scheduled":"true","firebase-functions-hash":"65a1b3cc0e182d723c71993bd560a9b8b1d63730"},"environment":"GEN_2","url":"https://us-central1-catalytica-b8ad9.cloudfunctions.net/scheduledWeatherUpdate","satisfiesPzi":true},"stages":[{"name":"BUILD","state":"NOT_STARTED"},{"name":"SERVICE","state":"NOT_STARTED"}],"operationType":"UPDATE_FUNCTION"},"done":false}
[debug] [2025-04-06T03:41:22.199Z] [update-default-us-central1-scheduledWeatherUpdate] Retrying task index 0
[debug] [2025-04-06T03:41:22.200Z] Checked if tokens are valid: true, expires at: 1743912369795
[debug] [2025-04-06T03:41:22.200Z] Checked if tokens are valid: true, expires at: 1743912369795
[debug] [2025-04-06T03:41:22.200Z] >>> [apiv2][query] GET https://cloudfunctions.googleapis.com/v2/projects/catalytica-b8ad9/locations/us-central1/operations/operation-1743910879416-63213e47ccf47-2de3ed7d-c7220fe3 [none]
[debug] [2025-04-06T03:41:22.481Z] <<< [apiv2][status] GET https://cloudfunctions.googleapis.com/v2/projects/catalytica-b8ad9/locations/us-central1/operations/operation-1743910879416-63213e47ccf47-2de3ed7d-c7220fe3 200
[debug] [2025-04-06T03:41:22.481Z] <<< [apiv2][body] GET https://cloudfunctions.googleapis.com/v2/projects/catalytica-b8ad9/locations/us-central1/operations/operation-1743910879416-63213e47ccf47-2de3ed7d-c7220fe3 {"name":"projects/catalytica-b8ad9/locations/us-central1/operations/operation-1743910879416-63213e47ccf47-2de3ed7d-c7220fe3","metadata":{"@type":"type.googleapis.com/google.cloud.functions.v2.OperationMetadata","createTime":"2025-04-06T03:41:20.079383535Z","target":"projects/catalytica-b8ad9/locations/us-central1/functions/scheduledWeatherUpdate","verb":"update","cancelRequested":false,"apiVersion":"v2","requestResource":{"@type":"type.googleapis.com/google.cloud.functions.v2.Function","name":"projects/catalytica-b8ad9/locations/us-central1/functions/scheduledWeatherUpdate","buildConfig":{"runtime":"nodejs22","entryPoint":"scheduledWeatherUpdate","source":{"storageSource":{"bucket":"gcf-v2-sources-891546386409-us-central1","object":"scheduledWeatherUpdate/function-source.zip","generation":"1743910880026573"}},"environmentVariables":{"GOOGLE_NODE_RUN_SCRIPTS":""},"dockerRepository":"projects/catalytica-b8ad9/locations/us-central1/repositories/gcf-artifacts","sourceProvenance":{"resolvedStorageSource":{"bucket":"gcf-v2-sources-891546386409-us-central1","object":"scheduledWeatherUpdate/function-source.zip","generation":"1743910767576916"}},"dockerRegistry":"ARTIFACT_REGISTRY","serviceAccount":"projects/catalytica-b8ad9/serviceAccounts/891546386409-compute@developer.gserviceaccount.com","automaticUpdatePolicy":{}},"serviceConfig":{"service":"projects/catalytica-b8ad9/locations/us-central1/services/scheduledweatherupdate","timeoutSeconds":60,"environmentVariables":{"FIREBASE_CONFIG":"{\"projectId\":\"catalytica-b8ad9\",\"storageBucket\":\"catalytica-b8ad9.firebasestorage.app\"}","GCLOUD_PROJECT":"catalytica-b8ad9","EVENTARC_CLOUD_EVENT_SOURCE":"projects/catalytica-b8ad9/locations/us-central1/services/scheduledWeatherUpdate","FUNCTION_TARGET":"scheduledWeatherUpdate","LOG_EXECUTION_ID":"true","FUNCTION_SIGNATURE_TYPE":"http"},"ingressSettings":"ALLOW_ALL","uri":"https://scheduledweatherupdate-3hh4vknqzq-uc.a.run.app","serviceAccountEmail":"891546386409-compute@developer.gserviceaccount.com","availableMemory":"256Mi","allTrafficOnLatestRevision":true,"revision":"scheduledweatherupdate-00003-taw","maxInstanceRequestConcurrency":80,"availableCpu":"1"},"state":"ACTIVE","labels":{"deployment-tool":"cli-firebase","deployment-scheduled":"true","firebase-functions-hash":"65a1b3cc0e182d723c71993bd560a9b8b1d63730"},"environment":"GEN_2","url":"https://us-central1-catalytica-b8ad9.cloudfunctions.net/scheduledWeatherUpdate","satisfiesPzi":true},"stages":[{"name":"BUILD","message":"Build in progress","state":"IN_PROGRESS","resource":"projects/891546386409/locations/us-central1/builds/e85d7736-eda4-4ac2-82d7-1f38bba52ff1","resourceUri":"https://console.cloud.google.com/cloud-build/builds;region=us-central1/e85d7736-eda4-4ac2-82d7-1f38bba52ff1?project=891546386409"},{"name":"SERVICE","state":"NOT_STARTED"}],"operationType":"UPDATE_FUNCTION","buildName":"projects/891546386409/locations/us-central1/builds/e85d7736-eda4-4ac2-82d7-1f38bba52ff1"},"done":false}
[debug] [2025-04-06T03:41:24.483Z] [update-default-us-central1-scheduledWeatherUpdate] Retrying task index 0
[debug] [2025-04-06T03:41:24.483Z] Checked if tokens are valid: true, expires at: 1743912369795
[debug] [2025-04-06T03:41:24.483Z] Checked if tokens are valid: true, expires at: 1743912369795
[debug] [2025-04-06T03:41:24.484Z] >>> [apiv2][query] GET https://cloudfunctions.googleapis.com/v2/projects/catalytica-b8ad9/locations/us-central1/operations/operation-1743910879416-63213e47ccf47-2de3ed7d-c7220fe3 [none]
[debug] [2025-04-06T03:41:24.775Z] <<< [apiv2][status] GET https://cloudfunctions.googleapis.com/v2/projects/catalytica-b8ad9/locations/us-central1/operations/operation-1743910879416-63213e47ccf47-2de3ed7d-c7220fe3 200
[debug] [2025-04-06T03:41:24.775Z] <<< [apiv2][body] GET https://cloudfunctions.googleapis.com/v2/projects/catalytica-b8ad9/locations/us-central1/operations/operation-1743910879416-63213e47ccf47-2de3ed7d-c7220fe3 {"name":"projects/catalytica-b8ad9/locations/us-central1/operations/operation-1743910879416-63213e47ccf47-2de3ed7d-c7220fe3","metadata":{"@type":"type.googleapis.com/google.cloud.functions.v2.OperationMetadata","createTime":"2025-04-06T03:41:20.079383535Z","target":"projects/catalytica-b8ad9/locations/us-central1/functions/scheduledWeatherUpdate","verb":"update","cancelRequested":false,"apiVersion":"v2","requestResource":{"@type":"type.googleapis.com/google.cloud.functions.v2.Function","name":"projects/catalytica-b8ad9/locations/us-central1/functions/scheduledWeatherUpdate","buildConfig":{"runtime":"nodejs22","entryPoint":"scheduledWeatherUpdate","source":{"storageSource":{"bucket":"gcf-v2-sources-891546386409-us-central1","object":"scheduledWeatherUpdate/function-source.zip","generation":"1743910880026573"}},"environmentVariables":{"GOOGLE_NODE_RUN_SCRIPTS":""},"dockerRepository":"projects/catalytica-b8ad9/locations/us-central1/repositories/gcf-artifacts","sourceProvenance":{"resolvedStorageSource":{"bucket":"gcf-v2-sources-891546386409-us-central1","object":"scheduledWeatherUpdate/function-source.zip","generation":"1743910767576916"}},"dockerRegistry":"ARTIFACT_REGISTRY","serviceAccount":"projects/catalytica-b8ad9/serviceAccounts/891546386409-compute@developer.gserviceaccount.com","automaticUpdatePolicy":{}},"serviceConfig":{"service":"projects/catalytica-b8ad9/locations/us-central1/services/scheduledweatherupdate","timeoutSeconds":60,"environmentVariables":{"FIREBASE_CONFIG":"{\"projectId\":\"catalytica-b8ad9\",\"storageBucket\":\"catalytica-b8ad9.firebasestorage.app\"}","GCLOUD_PROJECT":"catalytica-b8ad9","EVENTARC_CLOUD_EVENT_SOURCE":"projects/catalytica-b8ad9/locations/us-central1/services/scheduledWeatherUpdate","FUNCTION_TARGET":"scheduledWeatherUpdate","LOG_EXECUTION_ID":"true","FUNCTION_SIGNATURE_TYPE":"http"},"ingressSettings":"ALLOW_ALL","uri":"https://scheduledweatherupdate-3hh4vknqzq-uc.a.run.app","serviceAccountEmail":"891546386409-compute@developer.gserviceaccount.com","availableMemory":"256Mi","allTrafficOnLatestRevision":true,"revision":"scheduledweatherupdate-00003-taw","maxInstanceRequestConcurrency":80,"availableCpu":"1"},"state":"ACTIVE","labels":{"deployment-tool":"cli-firebase","deployment-scheduled":"true","firebase-functions-hash":"65a1b3cc0e182d723c71993bd560a9b8b1d63730"},"environment":"GEN_2","url":"https://us-central1-catalytica-b8ad9.cloudfunctions.net/scheduledWeatherUpdate","satisfiesPzi":true},"stages":[{"name":"BUILD","message":"Build in progress","state":"IN_PROGRESS","resource":"projects/891546386409/locations/us-central1/builds/e85d7736-eda4-4ac2-82d7-1f38bba52ff1","resourceUri":"https://console.cloud.google.com/cloud-build/builds;region=us-central1/e85d7736-eda4-4ac2-82d7-1f38bba52ff1?project=891546386409"},{"name":"SERVICE","state":"NOT_STARTED"}],"operationType":"UPDATE_FUNCTION","buildName":"projects/891546386409/locations/us-central1/builds/e85d7736-eda4-4ac2-82d7-1f38bba52ff1"},"done":false}
[debug] [2025-04-06T03:41:28.777Z] [update-default-us-central1-scheduledWeatherUpdate] Retrying task index 0
[debug] [2025-04-06T03:41:28.778Z] Checked if tokens are valid: true, expires at: 1743912369795
[debug] [2025-04-06T03:41:28.778Z] Checked if tokens are valid: true, expires at: 1743912369795
[debug] [2025-04-06T03:41:28.779Z] >>> [apiv2][query] GET https://cloudfunctions.googleapis.com/v2/projects/catalytica-b8ad9/locations/us-central1/operations/operation-1743910879416-63213e47ccf47-2de3ed7d-c7220fe3 [none]
[debug] [2025-04-06T03:41:29.035Z] <<< [apiv2][status] GET https://cloudfunctions.googleapis.com/v2/projects/catalytica-b8ad9/locations/us-central1/operations/operation-1743910879416-63213e47ccf47-2de3ed7d-c7220fe3 200
[debug] [2025-04-06T03:41:29.035Z] <<< [apiv2][body] GET https://cloudfunctions.googleapis.com/v2/projects/catalytica-b8ad9/locations/us-central1/operations/operation-1743910879416-63213e47ccf47-2de3ed7d-c7220fe3 {"name":"projects/catalytica-b8ad9/locations/us-central1/operations/operation-1743910879416-63213e47ccf47-2de3ed7d-c7220fe3","metadata":{"@type":"type.googleapis.com/google.cloud.functions.v2.OperationMetadata","createTime":"2025-04-06T03:41:20.079383535Z","target":"projects/catalytica-b8ad9/locations/us-central1/functions/scheduledWeatherUpdate","verb":"update","cancelRequested":false,"apiVersion":"v2","requestResource":{"@type":"type.googleapis.com/google.cloud.functions.v2.Function","name":"projects/catalytica-b8ad9/locations/us-central1/functions/scheduledWeatherUpdate","buildConfig":{"runtime":"nodejs22","entryPoint":"scheduledWeatherUpdate","source":{"storageSource":{"bucket":"gcf-v2-sources-891546386409-us-central1","object":"scheduledWeatherUpdate/function-source.zip","generation":"1743910880026573"}},"environmentVariables":{"GOOGLE_NODE_RUN_SCRIPTS":""},"dockerRepository":"projects/catalytica-b8ad9/locations/us-central1/repositories/gcf-artifacts","sourceProvenance":{"resolvedStorageSource":{"bucket":"gcf-v2-sources-891546386409-us-central1","object":"scheduledWeatherUpdate/function-source.zip","generation":"1743910767576916"}},"dockerRegistry":"ARTIFACT_REGISTRY","serviceAccount":"projects/catalytica-b8ad9/serviceAccounts/891546386409-compute@developer.gserviceaccount.com","automaticUpdatePolicy":{}},"serviceConfig":{"service":"projects/catalytica-b8ad9/locations/us-central1/services/scheduledweatherupdate","timeoutSeconds":60,"environmentVariables":{"FIREBASE_CONFIG":"{\"projectId\":\"catalytica-b8ad9\",\"storageBucket\":\"catalytica-b8ad9.firebasestorage.app\"}","GCLOUD_PROJECT":"catalytica-b8ad9","EVENTARC_CLOUD_EVENT_SOURCE":"projects/catalytica-b8ad9/locations/us-central1/services/scheduledWeatherUpdate","FUNCTION_TARGET":"scheduledWeatherUpdate","LOG_EXECUTION_ID":"true","FUNCTION_SIGNATURE_TYPE":"http"},"ingressSettings":"ALLOW_ALL","uri":"https://scheduledweatherupdate-3hh4vknqzq-uc.a.run.app","serviceAccountEmail":"891546386409-compute@developer.gserviceaccount.com","availableMemory":"256Mi","allTrafficOnLatestRevision":true,"revision":"scheduledweatherupdate-00003-taw","maxInstanceRequestConcurrency":80,"availableCpu":"1"},"state":"ACTIVE","labels":{"deployment-tool":"cli-firebase","deployment-scheduled":"true","firebase-functions-hash":"65a1b3cc0e182d723c71993bd560a9b8b1d63730"},"environment":"GEN_2","url":"https://us-central1-catalytica-b8ad9.cloudfunctions.net/scheduledWeatherUpdate","satisfiesPzi":true},"stages":[{"name":"BUILD","message":"Build in progress","state":"IN_PROGRESS","resource":"projects/891546386409/locations/us-central1/builds/e85d7736-eda4-4ac2-82d7-1f38bba52ff1","resourceUri":"https://console.cloud.google.com/cloud-build/builds;region=us-central1/e85d7736-eda4-4ac2-82d7-1f38bba52ff1?project=891546386409"},{"name":"SERVICE","state":"NOT_STARTED"}],"operationType":"UPDATE_FUNCTION","buildName":"projects/891546386409/locations/us-central1/builds/e85d7736-eda4-4ac2-82d7-1f38bba52ff1"},"done":false}
[debug] [2025-04-06T03:41:37.039Z] [update-default-us-central1-scheduledWeatherUpdate] Retrying task index 0
[debug] [2025-04-06T03:41:37.040Z] Checked if tokens are valid: true, expires at: 1743912369795
[debug] [2025-04-06T03:41:37.040Z] Checked if tokens are valid: true, expires at: 1743912369795
[debug] [2025-04-06T03:41:37.040Z] >>> [apiv2][query] GET https://cloudfunctions.googleapis.com/v2/projects/catalytica-b8ad9/locations/us-central1/operations/operation-1743910879416-63213e47ccf47-2de3ed7d-c7220fe3 [none]
[debug] [2025-04-06T03:41:37.408Z] <<< [apiv2][status] GET https://cloudfunctions.googleapis.com/v2/projects/catalytica-b8ad9/locations/us-central1/operations/operation-1743910879416-63213e47ccf47-2de3ed7d-c7220fe3 200
[debug] [2025-04-06T03:41:37.408Z] <<< [apiv2][body] GET https://cloudfunctions.googleapis.com/v2/projects/catalytica-b8ad9/locations/us-central1/operations/operation-1743910879416-63213e47ccf47-2de3ed7d-c7220fe3 {"name":"projects/catalytica-b8ad9/locations/us-central1/operations/operation-1743910879416-63213e47ccf47-2de3ed7d-c7220fe3","metadata":{"@type":"type.googleapis.com/google.cloud.functions.v2.OperationMetadata","createTime":"2025-04-06T03:41:20.079383535Z","target":"projects/catalytica-b8ad9/locations/us-central1/functions/scheduledWeatherUpdate","verb":"update","cancelRequested":false,"apiVersion":"v2","requestResource":{"@type":"type.googleapis.com/google.cloud.functions.v2.Function","name":"projects/catalytica-b8ad9/locations/us-central1/functions/scheduledWeatherUpdate","buildConfig":{"runtime":"nodejs22","entryPoint":"scheduledWeatherUpdate","source":{"storageSource":{"bucket":"gcf-v2-sources-891546386409-us-central1","object":"scheduledWeatherUpdate/function-source.zip","generation":"1743910880026573"}},"environmentVariables":{"GOOGLE_NODE_RUN_SCRIPTS":""},"dockerRepository":"projects/catalytica-b8ad9/locations/us-central1/repositories/gcf-artifacts","sourceProvenance":{"resolvedStorageSource":{"bucket":"gcf-v2-sources-891546386409-us-central1","object":"scheduledWeatherUpdate/function-source.zip","generation":"1743910767576916"}},"dockerRegistry":"ARTIFACT_REGISTRY","serviceAccount":"projects/catalytica-b8ad9/serviceAccounts/891546386409-compute@developer.gserviceaccount.com","automaticUpdatePolicy":{}},"serviceConfig":{"service":"projects/catalytica-b8ad9/locations/us-central1/services/scheduledweatherupdate","timeoutSeconds":60,"environmentVariables":{"FIREBASE_CONFIG":"{\"projectId\":\"catalytica-b8ad9\",\"storageBucket\":\"catalytica-b8ad9.firebasestorage.app\"}","GCLOUD_PROJECT":"catalytica-b8ad9","EVENTARC_CLOUD_EVENT_SOURCE":"projects/catalytica-b8ad9/locations/us-central1/services/scheduledWeatherUpdate","FUNCTION_TARGET":"scheduledWeatherUpdate","LOG_EXECUTION_ID":"true","FUNCTION_SIGNATURE_TYPE":"http"},"ingressSettings":"ALLOW_ALL","uri":"https://scheduledweatherupdate-3hh4vknqzq-uc.a.run.app","serviceAccountEmail":"891546386409-compute@developer.gserviceaccount.com","availableMemory":"256Mi","allTrafficOnLatestRevision":true,"revision":"scheduledweatherupdate-00003-taw","maxInstanceRequestConcurrency":80,"availableCpu":"1"},"state":"ACTIVE","labels":{"deployment-tool":"cli-firebase","deployment-scheduled":"true","firebase-functions-hash":"65a1b3cc0e182d723c71993bd560a9b8b1d63730"},"environment":"GEN_2","url":"https://us-central1-catalytica-b8ad9.cloudfunctions.net/scheduledWeatherUpdate","satisfiesPzi":true},"stages":[{"name":"BUILD","message":"Build in progress","state":"IN_PROGRESS","resource":"projects/891546386409/locations/us-central1/builds/e85d7736-eda4-4ac2-82d7-1f38bba52ff1","resourceUri":"https://console.cloud.google.com/cloud-build/builds;region=us-central1/e85d7736-eda4-4ac2-82d7-1f38bba52ff1?project=891546386409"},{"name":"SERVICE","state":"NOT_STARTED"}],"operationType":"UPDATE_FUNCTION","buildName":"projects/891546386409/locations/us-central1/builds/e85d7736-eda4-4ac2-82d7-1f38bba52ff1"},"done":false}
[debug] [2025-04-06T03:41:47.410Z] [update-default-us-central1-scheduledWeatherUpdate] Retrying task index 0
[debug] [2025-04-06T03:41:47.411Z] Checked if tokens are valid: true, expires at: 1743912369795
[debug] [2025-04-06T03:41:47.411Z] Checked if tokens are valid: true, expires at: 1743912369795
[debug] [2025-04-06T03:41:47.411Z] >>> [apiv2][query] GET https://cloudfunctions.googleapis.com/v2/projects/catalytica-b8ad9/locations/us-central1/operations/operation-1743910879416-63213e47ccf47-2de3ed7d-c7220fe3 [none]
[debug] [2025-04-06T03:41:47.721Z] <<< [apiv2][status] GET https://cloudfunctions.googleapis.com/v2/projects/catalytica-b8ad9/locations/us-central1/operations/operation-1743910879416-63213e47ccf47-2de3ed7d-c7220fe3 200
[debug] [2025-04-06T03:41:47.721Z] <<< [apiv2][body] GET https://cloudfunctions.googleapis.com/v2/projects/catalytica-b8ad9/locations/us-central1/operations/operation-1743910879416-63213e47ccf47-2de3ed7d-c7220fe3 {"name":"projects/catalytica-b8ad9/locations/us-central1/operations/operation-1743910879416-63213e47ccf47-2de3ed7d-c7220fe3","metadata":{"@type":"type.googleapis.com/google.cloud.functions.v2.OperationMetadata","createTime":"2025-04-06T03:41:20.079383535Z","target":"projects/catalytica-b8ad9/locations/us-central1/functions/scheduledWeatherUpdate","verb":"update","cancelRequested":false,"apiVersion":"v2","requestResource":{"@type":"type.googleapis.com/google.cloud.functions.v2.Function","name":"projects/catalytica-b8ad9/locations/us-central1/functions/scheduledWeatherUpdate","buildConfig":{"runtime":"nodejs22","entryPoint":"scheduledWeatherUpdate","source":{"storageSource":{"bucket":"gcf-v2-sources-891546386409-us-central1","object":"scheduledWeatherUpdate/function-source.zip","generation":"1743910880026573"}},"environmentVariables":{"GOOGLE_NODE_RUN_SCRIPTS":""},"dockerRepository":"projects/catalytica-b8ad9/locations/us-central1/repositories/gcf-artifacts","sourceProvenance":{"resolvedStorageSource":{"bucket":"gcf-v2-sources-891546386409-us-central1","object":"scheduledWeatherUpdate/function-source.zip","generation":"1743910767576916"}},"dockerRegistry":"ARTIFACT_REGISTRY","serviceAccount":"projects/catalytica-b8ad9/serviceAccounts/891546386409-compute@developer.gserviceaccount.com","automaticUpdatePolicy":{}},"serviceConfig":{"service":"projects/catalytica-b8ad9/locations/us-central1/services/scheduledweatherupdate","timeoutSeconds":60,"environmentVariables":{"FIREBASE_CONFIG":"{\"projectId\":\"catalytica-b8ad9\",\"storageBucket\":\"catalytica-b8ad9.firebasestorage.app\"}","GCLOUD_PROJECT":"catalytica-b8ad9","EVENTARC_CLOUD_EVENT_SOURCE":"projects/catalytica-b8ad9/locations/us-central1/services/scheduledWeatherUpdate","FUNCTION_TARGET":"scheduledWeatherUpdate","LOG_EXECUTION_ID":"true","FUNCTION_SIGNATURE_TYPE":"http"},"ingressSettings":"ALLOW_ALL","uri":"https://scheduledweatherupdate-3hh4vknqzq-uc.a.run.app","serviceAccountEmail":"891546386409-compute@developer.gserviceaccount.com","availableMemory":"256Mi","allTrafficOnLatestRevision":true,"revision":"scheduledweatherupdate-00003-taw","maxInstanceRequestConcurrency":80,"availableCpu":"1"},"state":"ACTIVE","labels":{"deployment-tool":"cli-firebase","deployment-scheduled":"true","firebase-functions-hash":"65a1b3cc0e182d723c71993bd560a9b8b1d63730"},"environment":"GEN_2","url":"https://us-central1-catalytica-b8ad9.cloudfunctions.net/scheduledWeatherUpdate","satisfiesPzi":true},"stages":[{"name":"BUILD","message":"Build in progress","state":"IN_PROGRESS","resource":"projects/891546386409/locations/us-central1/builds/e85d7736-eda4-4ac2-82d7-1f38bba52ff1","resourceUri":"https://console.cloud.google.com/cloud-build/builds;region=us-central1/e85d7736-eda4-4ac2-82d7-1f38bba52ff1?project=891546386409"},{"name":"SERVICE","state":"NOT_STARTED"}],"operationType":"UPDATE_FUNCTION","buildName":"projects/891546386409/locations/us-central1/builds/e85d7736-eda4-4ac2-82d7-1f38bba52ff1"},"done":false}
[debug] [2025-04-06T03:41:57.723Z] [update-default-us-central1-scheduledWeatherUpdate] Retrying task index 0
[debug] [2025-04-06T03:41:57.724Z] Checked if tokens are valid: true, expires at: 1743912369795
[debug] [2025-04-06T03:41:57.724Z] Checked if tokens are valid: true, expires at: 1743912369795
[debug] [2025-04-06T03:41:57.724Z] >>> [apiv2][query] GET https://cloudfunctions.googleapis.com/v2/projects/catalytica-b8ad9/locations/us-central1/operations/operation-1743910879416-63213e47ccf47-2de3ed7d-c7220fe3 [none]
[debug] [2025-04-06T03:41:58.035Z] <<< [apiv2][status] GET https://cloudfunctions.googleapis.com/v2/projects/catalytica-b8ad9/locations/us-central1/operations/operation-1743910879416-63213e47ccf47-2de3ed7d-c7220fe3 200
[debug] [2025-04-06T03:41:58.036Z] <<< [apiv2][body] GET https://cloudfunctions.googleapis.com/v2/projects/catalytica-b8ad9/locations/us-central1/operations/operation-1743910879416-63213e47ccf47-2de3ed7d-c7220fe3 {"name":"projects/catalytica-b8ad9/locations/us-central1/operations/operation-1743910879416-63213e47ccf47-2de3ed7d-c7220fe3","metadata":{"@type":"type.googleapis.com/google.cloud.functions.v2.OperationMetadata","createTime":"2025-04-06T03:41:20.079383535Z","target":"projects/catalytica-b8ad9/locations/us-central1/functions/scheduledWeatherUpdate","verb":"update","cancelRequested":false,"apiVersion":"v2","requestResource":{"@type":"type.googleapis.com/google.cloud.functions.v2.Function","name":"projects/catalytica-b8ad9/locations/us-central1/functions/scheduledWeatherUpdate","buildConfig":{"runtime":"nodejs22","entryPoint":"scheduledWeatherUpdate","source":{"storageSource":{"bucket":"gcf-v2-sources-891546386409-us-central1","object":"scheduledWeatherUpdate/function-source.zip","generation":"1743910880026573"}},"environmentVariables":{"GOOGLE_NODE_RUN_SCRIPTS":""},"dockerRepository":"projects/catalytica-b8ad9/locations/us-central1/repositories/gcf-artifacts","sourceProvenance":{"resolvedStorageSource":{"bucket":"gcf-v2-sources-891546386409-us-central1","object":"scheduledWeatherUpdate/function-source.zip","generation":"1743910767576916"}},"dockerRegistry":"ARTIFACT_REGISTRY","serviceAccount":"projects/catalytica-b8ad9/serviceAccounts/891546386409-compute@developer.gserviceaccount.com","automaticUpdatePolicy":{}},"serviceConfig":{"service":"projects/catalytica-b8ad9/locations/us-central1/services/scheduledweatherupdate","timeoutSeconds":60,"environmentVariables":{"FIREBASE_CONFIG":"{\"projectId\":\"catalytica-b8ad9\",\"storageBucket\":\"catalytica-b8ad9.firebasestorage.app\"}","GCLOUD_PROJECT":"catalytica-b8ad9","EVENTARC_CLOUD_EVENT_SOURCE":"projects/catalytica-b8ad9/locations/us-central1/services/scheduledWeatherUpdate","FUNCTION_TARGET":"scheduledWeatherUpdate","LOG_EXECUTION_ID":"true","FUNCTION_SIGNATURE_TYPE":"http"},"ingressSettings":"ALLOW_ALL","uri":"https://scheduledweatherupdate-3hh4vknqzq-uc.a.run.app","serviceAccountEmail":"891546386409-compute@developer.gserviceaccount.com","availableMemory":"256Mi","allTrafficOnLatestRevision":true,"revision":"scheduledweatherupdate-00003-taw","maxInstanceRequestConcurrency":80,"availableCpu":"1"},"state":"ACTIVE","labels":{"deployment-tool":"cli-firebase","deployment-scheduled":"true","firebase-functions-hash":"65a1b3cc0e182d723c71993bd560a9b8b1d63730"},"environment":"GEN_2","url":"https://us-central1-catalytica-b8ad9.cloudfunctions.net/scheduledWeatherUpdate","satisfiesPzi":true},"stages":[{"name":"BUILD","message":"Build in progress","state":"IN_PROGRESS","resource":"projects/891546386409/locations/us-central1/builds/e85d7736-eda4-4ac2-82d7-1f38bba52ff1","resourceUri":"https://console.cloud.google.com/cloud-build/builds;region=us-central1/e85d7736-eda4-4ac2-82d7-1f38bba52ff1?project=891546386409"},{"name":"SERVICE","state":"NOT_STARTED"}],"operationType":"UPDATE_FUNCTION","buildName":"projects/891546386409/locations/us-central1/builds/e85d7736-eda4-4ac2-82d7-1f38bba52ff1"},"done":false}
[debug] [2025-04-06T03:42:08.037Z] [update-default-us-central1-scheduledWeatherUpdate] Retrying task index 0
[debug] [2025-04-06T03:42:08.038Z] Checked if tokens are valid: true, expires at: 1743912369795
[debug] [2025-04-06T03:42:08.038Z] Checked if tokens are valid: true, expires at: 1743912369795
[debug] [2025-04-06T03:42:08.039Z] >>> [apiv2][query] GET https://cloudfunctions.googleapis.com/v2/projects/catalytica-b8ad9/locations/us-central1/operations/operation-1743910879416-63213e47ccf47-2de3ed7d-c7220fe3 [none]
[debug] [2025-04-06T03:42:08.343Z] <<< [apiv2][status] GET https://cloudfunctions.googleapis.com/v2/projects/catalytica-b8ad9/locations/us-central1/operations/operation-1743910879416-63213e47ccf47-2de3ed7d-c7220fe3 200
[debug] [2025-04-06T03:42:08.343Z] <<< [apiv2][body] GET https://cloudfunctions.googleapis.com/v2/projects/catalytica-b8ad9/locations/us-central1/operations/operation-1743910879416-63213e47ccf47-2de3ed7d-c7220fe3 {"name":"projects/catalytica-b8ad9/locations/us-central1/operations/operation-1743910879416-63213e47ccf47-2de3ed7d-c7220fe3","metadata":{"@type":"type.googleapis.com/google.cloud.functions.v2.OperationMetadata","createTime":"2025-04-06T03:41:20.079383535Z","target":"projects/catalytica-b8ad9/locations/us-central1/functions/scheduledWeatherUpdate","verb":"update","cancelRequested":false,"apiVersion":"v2","requestResource":{"@type":"type.googleapis.com/google.cloud.functions.v2.Function","name":"projects/catalytica-b8ad9/locations/us-central1/functions/scheduledWeatherUpdate","buildConfig":{"runtime":"nodejs22","entryPoint":"scheduledWeatherUpdate","source":{"storageSource":{"bucket":"gcf-v2-sources-891546386409-us-central1","object":"scheduledWeatherUpdate/function-source.zip","generation":"1743910880026573"}},"environmentVariables":{"GOOGLE_NODE_RUN_SCRIPTS":""},"dockerRepository":"projects/catalytica-b8ad9/locations/us-central1/repositories/gcf-artifacts","sourceProvenance":{"resolvedStorageSource":{"bucket":"gcf-v2-sources-891546386409-us-central1","object":"scheduledWeatherUpdate/function-source.zip","generation":"1743910767576916"}},"dockerRegistry":"ARTIFACT_REGISTRY","serviceAccount":"projects/catalytica-b8ad9/serviceAccounts/891546386409-compute@developer.gserviceaccount.com","automaticUpdatePolicy":{}},"serviceConfig":{"service":"projects/catalytica-b8ad9/locations/us-central1/services/scheduledweatherupdate","timeoutSeconds":60,"environmentVariables":{"FIREBASE_CONFIG":"{\"projectId\":\"catalytica-b8ad9\",\"storageBucket\":\"catalytica-b8ad9.firebasestorage.app\"}","GCLOUD_PROJECT":"catalytica-b8ad9","EVENTARC_CLOUD_EVENT_SOURCE":"projects/catalytica-b8ad9/locations/us-central1/services/scheduledWeatherUpdate","FUNCTION_TARGET":"scheduledWeatherUpdate","LOG_EXECUTION_ID":"true","FUNCTION_SIGNATURE_TYPE":"http"},"ingressSettings":"ALLOW_ALL","uri":"https://scheduledweatherupdate-3hh4vknqzq-uc.a.run.app","serviceAccountEmail":"891546386409-compute@developer.gserviceaccount.com","availableMemory":"256Mi","allTrafficOnLatestRevision":true,"revision":"scheduledweatherupdate-00003-taw","maxInstanceRequestConcurrency":80,"availableCpu":"1"},"state":"ACTIVE","labels":{"deployment-tool":"cli-firebase","deployment-scheduled":"true","firebase-functions-hash":"65a1b3cc0e182d723c71993bd560a9b8b1d63730"},"environment":"GEN_2","url":"https://us-central1-catalytica-b8ad9.cloudfunctions.net/scheduledWeatherUpdate","satisfiesPzi":true},"stages":[{"name":"BUILD","message":"Build in progress","state":"IN_PROGRESS","resource":"projects/891546386409/locations/us-central1/builds/e85d7736-eda4-4ac2-82d7-1f38bba52ff1","resourceUri":"https://console.cloud.google.com/cloud-build/builds;region=us-central1/e85d7736-eda4-4ac2-82d7-1f38bba52ff1?project=891546386409"},{"name":"SERVICE","state":"NOT_STARTED"}],"operationType":"UPDATE_FUNCTION","buildName":"projects/891546386409/locations/us-central1/builds/e85d7736-eda4-4ac2-82d7-1f38bba52ff1"},"done":false}
[debug] [2025-04-06T03:42:18.345Z] [update-default-us-central1-scheduledWeatherUpdate] Retrying task index 0
[debug] [2025-04-06T03:42:18.348Z] Checked if tokens are valid: true, expires at: 1743912369795
[debug] [2025-04-06T03:42:18.348Z] Checked if tokens are valid: true, expires at: 1743912369795
[debug] [2025-04-06T03:42:18.348Z] >>> [apiv2][query] GET https://cloudfunctions.googleapis.com/v2/projects/catalytica-b8ad9/locations/us-central1/operations/operation-1743910879416-63213e47ccf47-2de3ed7d-c7220fe3 [none]
[debug] [2025-04-06T03:42:18.672Z] <<< [apiv2][status] GET https://cloudfunctions.googleapis.com/v2/projects/catalytica-b8ad9/locations/us-central1/operations/operation-1743910879416-63213e47ccf47-2de3ed7d-c7220fe3 200
[debug] [2025-04-06T03:42:18.672Z] <<< [apiv2][body] GET https://cloudfunctions.googleapis.com/v2/projects/catalytica-b8ad9/locations/us-central1/operations/operation-1743910879416-63213e47ccf47-2de3ed7d-c7220fe3 {"name":"projects/catalytica-b8ad9/locations/us-central1/operations/operation-1743910879416-63213e47ccf47-2de3ed7d-c7220fe3","metadata":{"@type":"type.googleapis.com/google.cloud.functions.v2.OperationMetadata","createTime":"2025-04-06T03:41:20.079383535Z","target":"projects/catalytica-b8ad9/locations/us-central1/functions/scheduledWeatherUpdate","verb":"update","cancelRequested":false,"apiVersion":"v2","requestResource":{"@type":"type.googleapis.com/google.cloud.functions.v2.Function","name":"projects/catalytica-b8ad9/locations/us-central1/functions/scheduledWeatherUpdate","buildConfig":{"runtime":"nodejs22","entryPoint":"scheduledWeatherUpdate","source":{"storageSource":{"bucket":"gcf-v2-sources-891546386409-us-central1","object":"scheduledWeatherUpdate/function-source.zip","generation":"1743910880026573"}},"environmentVariables":{"GOOGLE_NODE_RUN_SCRIPTS":""},"dockerRepository":"projects/catalytica-b8ad9/locations/us-central1/repositories/gcf-artifacts","sourceProvenance":{"resolvedStorageSource":{"bucket":"gcf-v2-sources-891546386409-us-central1","object":"scheduledWeatherUpdate/function-source.zip","generation":"1743910767576916"}},"dockerRegistry":"ARTIFACT_REGISTRY","serviceAccount":"projects/catalytica-b8ad9/serviceAccounts/891546386409-compute@developer.gserviceaccount.com","automaticUpdatePolicy":{}},"serviceConfig":{"service":"projects/catalytica-b8ad9/locations/us-central1/services/scheduledweatherupdate","timeoutSeconds":60,"environmentVariables":{"FIREBASE_CONFIG":"{\"projectId\":\"catalytica-b8ad9\",\"storageBucket\":\"catalytica-b8ad9.firebasestorage.app\"}","GCLOUD_PROJECT":"catalytica-b8ad9","EVENTARC_CLOUD_EVENT_SOURCE":"projects/catalytica-b8ad9/locations/us-central1/services/scheduledWeatherUpdate","FUNCTION_TARGET":"scheduledWeatherUpdate","LOG_EXECUTION_ID":"true","FUNCTION_SIGNATURE_TYPE":"http"},"ingressSettings":"ALLOW_ALL","uri":"https://scheduledweatherupdate-3hh4vknqzq-uc.a.run.app","serviceAccountEmail":"891546386409-compute@developer.gserviceaccount.com","availableMemory":"256Mi","allTrafficOnLatestRevision":true,"revision":"scheduledweatherupdate-00003-taw","maxInstanceRequestConcurrency":80,"availableCpu":"1"},"state":"ACTIVE","labels":{"deployment-tool":"cli-firebase","deployment-scheduled":"true","firebase-functions-hash":"65a1b3cc0e182d723c71993bd560a9b8b1d63730"},"environment":"GEN_2","url":"https://us-central1-catalytica-b8ad9.cloudfunctions.net/scheduledWeatherUpdate","satisfiesPzi":true},"stages":[{"name":"BUILD","message":"Build finished","state":"COMPLETE","resource":"projects/891546386409/locations/us-central1/builds/e85d7736-eda4-4ac2-82d7-1f38bba52ff1","resourceUri":"https://console.cloud.google.com/cloud-build/builds;region=us-central1/e85d7736-eda4-4ac2-82d7-1f38bba52ff1?project=891546386409"},{"name":"SERVICE","message":"Updating Cloud Run service","state":"IN_PROGRESS","resource":"projects/catalytica-b8ad9/locations/us-central1/services/scheduledweatherupdate","resourceUri":"https://console.cloud.google.com/run/detail/us-central1/scheduledweatherupdate?project=catalytica-b8ad9","stateMessages":[{"severity":"INFO","type":"CloudRunServiceNewRevisionTrafficInfo","message":"A new revision will be deployed serving with 100% traffic."}]}],"sourceToken":"Cldwcm9qZWN0cy84OTE1NDYzODY0MDkvbG9jYXRpb25zL3VzLWNlbnRyYWwxL2J1aWxkcy9lODVkNzczNi1lZGE0LTRhYzItODJkNy0xZjM4YmJhNTJmZjESfXVzLWNlbnRyYWwxLWRvY2tlci5wa2cuZGV2L2NhdGFseXRpY2EtYjhhZDkvZ2NmLWFydGlmYWN0cy9jYXRhbHl0aWNhLS1iOGFkOV9fdXMtLWNlbnRyYWwxX19zY2hlZHVsZWRfd2VhdGhlcl91cGRhdGU6dmVyc2lvbl8xGOn/uKL5GSJQcHJvamVjdHMvY2F0YWx5dGljYS1iOGFkOS9sb2NhdGlvbnMvdXMtY2VudHJhbDEvZnVuY3Rpb25zL3NjaGVkdWxlZFdlYXRoZXJVcGRhdGUqDAiS8Me/BhDgkZaGAzIIbm9kZWpzMjI6dgojZ2NyLmlvL2dhZS1ydW50aW1lcy9ub2RlanMyMjpzdGFibGUST3VzLWNlbnRyYWwxLWRvY2tlci5wa2cuZGV2L3NlcnZlcmxlc3MtcnVudGltZXMvZ29vZ2xlLTIyLWZ1bGwvcnVudGltZXMvbm9kZWpzMjJAAQ==","operationType":"UPDATE_FUNCTION","buildName":"projects/891546386409/locations/us-central1/builds/e85d7736-eda4-4ac2-82d7-1f38bba52ff1"},"done":false}
[debug] [2025-04-06T03:42:18.672Z] Got source token Cldwcm9qZWN0cy84OTE1NDYzODY0MDkvbG9jYXRpb25zL3VzLWNlbnRyYWwxL2J1aWxkcy9lODVkNzczNi1lZGE0LTRhYzItODJkNy0xZjM4YmJhNTJmZjESfXVzLWNlbnRyYWwxLWRvY2tlci5wa2cuZGV2L2NhdGFseXRpY2EtYjhhZDkvZ2NmLWFydGlmYWN0cy9jYXRhbHl0aWNhLS1iOGFkOV9fdXMtLWNlbnRyYWwxX19zY2hlZHVsZWRfd2VhdGhlcl91cGRhdGU6dmVyc2lvbl8xGOn/uKL5GSJQcHJvamVjdHMvY2F0YWx5dGljYS1iOGFkOS9sb2NhdGlvbnMvdXMtY2VudHJhbDEvZnVuY3Rpb25zL3NjaGVkdWxlZFdlYXRoZXJVcGRhdGUqDAiS8Me/BhDgkZaGAzIIbm9kZWpzMjI6dgojZ2NyLmlvL2dhZS1ydW50aW1lcy9ub2RlanMyMjpzdGFibGUST3VzLWNlbnRyYWwxLWRvY2tlci5wa2cuZGV2L3NlcnZlcmxlc3MtcnVudGltZXMvZ29vZ2xlLTIyLWZ1bGwvcnVudGltZXMvbm9kZWpzMjJAAQ== for region us-central1
[debug] [2025-04-06T03:42:18.673Z] Checked if tokens are valid: true, expires at: 1743912369795
[debug] [2025-04-06T03:42:18.673Z] Checked if tokens are valid: true, expires at: 1743912369795
[debug] [2025-04-06T03:42:18.673Z] >>> [apiv2][query] PATCH https://cloudfunctions.googleapis.com/v2/projects/catalytica-b8ad9/locations/us-central1/functions/scheduledFIRMSUpdate updateMask=name%2CbuildConfig.runtime%2CbuildConfig.entryPoint%2CbuildConfig.source.storageSource.bucket%2CbuildConfig.source.storageSource.object%2CbuildConfig.environmentVariables%2CbuildConfig.sourceToken%2CserviceConfig.environmentVariables%2CserviceConfig.ingressSettings%2CserviceConfig.timeoutSeconds%2CserviceConfig.serviceAccountEmail%2CserviceConfig.availableMemory%2CserviceConfig.minInstanceCount%2CserviceConfig.maxInstanceCount%2CserviceConfig.maxInstanceRequestConcurrency%2CserviceConfig.availableCpu%2CserviceConfig.vpcConnector%2CserviceConfig.vpcConnectorEgressSettings%2Clabels%2CbuildConfig.buildEnvironmentVariables
[debug] [2025-04-06T03:42:18.673Z] >>> [apiv2][body] PATCH https://cloudfunctions.googleapis.com/v2/projects/catalytica-b8ad9/locations/us-central1/functions/scheduledFIRMSUpdate {"name":"projects/catalytica-b8ad9/locations/us-central1/functions/scheduledFIRMSUpdate","buildConfig":{"runtime":"nodejs22","entryPoint":"scheduledFIRMSUpdate","source":{"storageSource":{"bucket":"gcf-v2-uploads-891546386409.us-central1.cloudfunctions.appspot.com","object":"270054d8-5105-41d0-ad44-06c9e185223f.zip"}},"environmentVariables":{"GOOGLE_NODE_RUN_SCRIPTS":""},"sourceToken":"Cldwcm9qZWN0cy84OTE1NDYzODY0MDkvbG9jYXRpb25zL3VzLWNlbnRyYWwxL2J1aWxkcy9lODVkNzczNi1lZGE0LTRhYzItODJkNy0xZjM4YmJhNTJmZjESfXVzLWNlbnRyYWwxLWRvY2tlci5wa2cuZGV2L2NhdGFseXRpY2EtYjhhZDkvZ2NmLWFydGlmYWN0cy9jYXRhbHl0aWNhLS1iOGFkOV9fdXMtLWNlbnRyYWwxX19zY2hlZHVsZWRfd2VhdGhlcl91cGRhdGU6dmVyc2lvbl8xGOn/uKL5GSJQcHJvamVjdHMvY2F0YWx5dGljYS1iOGFkOS9sb2NhdGlvbnMvdXMtY2VudHJhbDEvZnVuY3Rpb25zL3NjaGVkdWxlZFdlYXRoZXJVcGRhdGUqDAiS8Me/BhDgkZaGAzIIbm9kZWpzMjI6dgojZ2NyLmlvL2dhZS1ydW50aW1lcy9ub2RlanMyMjpzdGFibGUST3VzLWNlbnRyYWwxLWRvY2tlci5wa2cuZGV2L3NlcnZlcmxlc3MtcnVudGltZXMvZ29vZ2xlLTIyLWZ1bGwvcnVudGltZXMvbm9kZWpzMjJAAQ=="},"serviceConfig":{"environmentVariables":{"FIREBASE_CONFIG":"{\"projectId\":\"catalytica-b8ad9\",\"storageBucket\":\"catalytica-b8ad9.firebasestorage.app\"}","GCLOUD_PROJECT":"catalytica-b8ad9","EVENTARC_CLOUD_EVENT_SOURCE":"projects/catalytica-b8ad9/locations/us-central1/services/scheduledFIRMSUpdate","FUNCTION_TARGET":"scheduledFIRMSUpdate","LOG_EXECUTION_ID":"true"},"ingressSettings":null,"timeoutSeconds":null,"serviceAccountEmail":null,"availableMemory":"256Mi","minInstanceCount":null,"maxInstanceCount":null,"maxInstanceRequestConcurrency":80,"availableCpu":"1","vpcConnector":null,"vpcConnectorEgressSettings":null},"labels":{"deployment-tool":"cli-firebase","deployment-scheduled":"true","firebase-functions-hash":"65a1b3cc0e182d723c71993bd560a9b8b1d63730"}}
[debug] [2025-04-06T03:42:18.974Z] <<< [apiv2][status] PATCH https://cloudfunctions.googleapis.com/v2/projects/catalytica-b8ad9/locations/us-central1/functions/scheduledFIRMSUpdate 404
[debug] [2025-04-06T03:42:18.974Z] <<< [apiv2][body] PATCH https://cloudfunctions.googleapis.com/v2/projects/catalytica-b8ad9/locations/us-central1/functions/scheduledFIRMSUpdate {"error":{"code":404,"message":"Resource 'projects/catalytica-b8ad9/locations/us-central1/functions/scheduledFIRMSUpdate' was not found","status":"NOT_FOUND","details":[{"@type":"type.googleapis.com/google.rpc.ResourceInfo","resourceName":"projects/catalytica-b8ad9/locations/us-central1/functions/scheduledFIRMSUpdate"}]}}
[warn] ⚠  functions: Request to https://cloudfunctions.googleapis.com/v2/projects/catalytica-b8ad9/locations/us-central1/functions/scheduledFIRMSUpdate?updateMask=name%2CbuildConfig.runtime%2CbuildConfig.entryPoint%2CbuildConfig.source.storageSource.bucket%2CbuildConfig.source.storageSource.object%2CbuildConfig.environmentVariables%2CbuildConfig.sourceToken%2CserviceConfig.environmentVariables%2CserviceConfig.ingressSettings%2CserviceConfig.timeoutSeconds%2CserviceConfig.serviceAccountEmail%2CserviceConfig.availableMemory%2CserviceConfig.minInstanceCount%2CserviceConfig.maxInstanceCount%2CserviceConfig.maxInstanceRequestConcurrency%2CserviceConfig.availableCpu%2CserviceConfig.vpcConnector%2CserviceConfig.vpcConnectorEgressSettings%2Clabels%2CbuildConfig.buildEnvironmentVariables had HTTP Error: 404, Resource 'projects/catalytica-b8ad9/locations/us-central1/functions/scheduledFIRMSUpdate' was not found 
[warn] ⚠  functions:  failed to update function projects/catalytica-b8ad9/locations/us-central1/functions/scheduledFIRMSUpdate 
[error] Failed to update function projects/catalytica-b8ad9/locations/us-central1/functions/scheduledFIRMSUpdate
[debug] [2025-04-06T03:42:28.676Z] [update-default-us-central1-scheduledWeatherUpdate] Retrying task index 0
[debug] [2025-04-06T03:42:28.677Z] Checked if tokens are valid: true, expires at: 1743912369795
[debug] [2025-04-06T03:42:28.677Z] Checked if tokens are valid: true, expires at: 1743912369795
[debug] [2025-04-06T03:42:28.678Z] >>> [apiv2][query] GET https://cloudfunctions.googleapis.com/v2/projects/catalytica-b8ad9/locations/us-central1/operations/operation-1743910879416-63213e47ccf47-2de3ed7d-c7220fe3 [none]
[debug] [2025-04-06T03:42:28.980Z] <<< [apiv2][status] GET https://cloudfunctions.googleapis.com/v2/projects/catalytica-b8ad9/locations/us-central1/operations/operation-1743910879416-63213e47ccf47-2de3ed7d-c7220fe3 200
[debug] [2025-04-06T03:42:28.981Z] <<< [apiv2][body] GET https://cloudfunctions.googleapis.com/v2/projects/catalytica-b8ad9/locations/us-central1/operations/operation-1743910879416-63213e47ccf47-2de3ed7d-c7220fe3 {"name":"projects/catalytica-b8ad9/locations/us-central1/operations/operation-1743910879416-63213e47ccf47-2de3ed7d-c7220fe3","metadata":{"@type":"type.googleapis.com/google.cloud.functions.v2.OperationMetadata","createTime":"2025-04-06T03:41:20.079383535Z","target":"projects/catalytica-b8ad9/locations/us-central1/functions/scheduledWeatherUpdate","verb":"update","cancelRequested":false,"apiVersion":"v2","requestResource":{"@type":"type.googleapis.com/google.cloud.functions.v2.Function","name":"projects/catalytica-b8ad9/locations/us-central1/functions/scheduledWeatherUpdate","buildConfig":{"runtime":"nodejs22","entryPoint":"scheduledWeatherUpdate","source":{"storageSource":{"bucket":"gcf-v2-sources-891546386409-us-central1","object":"scheduledWeatherUpdate/function-source.zip","generation":"1743910880026573"}},"environmentVariables":{"GOOGLE_NODE_RUN_SCRIPTS":""},"dockerRepository":"projects/catalytica-b8ad9/locations/us-central1/repositories/gcf-artifacts","sourceProvenance":{"resolvedStorageSource":{"bucket":"gcf-v2-sources-891546386409-us-central1","object":"scheduledWeatherUpdate/function-source.zip","generation":"1743910767576916"}},"dockerRegistry":"ARTIFACT_REGISTRY","serviceAccount":"projects/catalytica-b8ad9/serviceAccounts/891546386409-compute@developer.gserviceaccount.com","automaticUpdatePolicy":{}},"serviceConfig":{"service":"projects/catalytica-b8ad9/locations/us-central1/services/scheduledweatherupdate","timeoutSeconds":60,"environmentVariables":{"FIREBASE_CONFIG":"{\"projectId\":\"catalytica-b8ad9\",\"storageBucket\":\"catalytica-b8ad9.firebasestorage.app\"}","GCLOUD_PROJECT":"catalytica-b8ad9","EVENTARC_CLOUD_EVENT_SOURCE":"projects/catalytica-b8ad9/locations/us-central1/services/scheduledWeatherUpdate","FUNCTION_TARGET":"scheduledWeatherUpdate","LOG_EXECUTION_ID":"true","FUNCTION_SIGNATURE_TYPE":"http"},"ingressSettings":"ALLOW_ALL","uri":"https://scheduledweatherupdate-3hh4vknqzq-uc.a.run.app","serviceAccountEmail":"891546386409-compute@developer.gserviceaccount.com","availableMemory":"256Mi","allTrafficOnLatestRevision":true,"revision":"scheduledweatherupdate-00003-taw","maxInstanceRequestConcurrency":80,"availableCpu":"1"},"state":"ACTIVE","labels":{"deployment-tool":"cli-firebase","deployment-scheduled":"true","firebase-functions-hash":"65a1b3cc0e182d723c71993bd560a9b8b1d63730"},"environment":"GEN_2","url":"https://us-central1-catalytica-b8ad9.cloudfunctions.net/scheduledWeatherUpdate","satisfiesPzi":true},"stages":[{"name":"BUILD","message":"Build finished","state":"COMPLETE","resource":"projects/891546386409/locations/us-central1/builds/e85d7736-eda4-4ac2-82d7-1f38bba52ff1","resourceUri":"https://console.cloud.google.com/cloud-build/builds;region=us-central1/e85d7736-eda4-4ac2-82d7-1f38bba52ff1?project=891546386409"},{"name":"SERVICE","message":"Updating Cloud Run service","state":"IN_PROGRESS","resource":"projects/catalytica-b8ad9/locations/us-central1/services/scheduledweatherupdate","resourceUri":"https://console.cloud.google.com/run/detail/us-central1/scheduledweatherupdate?project=catalytica-b8ad9","stateMessages":[{"severity":"INFO","type":"CloudRunServiceNewRevisionTrafficInfo","message":"A new revision will be deployed serving with 100% traffic."}]}],"sourceToken":"Cldwcm9qZWN0cy84OTE1NDYzODY0MDkvbG9jYXRpb25zL3VzLWNlbnRyYWwxL2J1aWxkcy9lODVkNzczNi1lZGE0LTRhYzItODJkNy0xZjM4YmJhNTJmZjESfXVzLWNlbnRyYWwxLWRvY2tlci5wa2cuZGV2L2NhdGFseXRpY2EtYjhhZDkvZ2NmLWFydGlmYWN0cy9jYXRhbHl0aWNhLS1iOGFkOV9fdXMtLWNlbnRyYWwxX19zY2hlZHVsZWRfd2VhdGhlcl91cGRhdGU6dmVyc2lvbl8xGOn/uKL5GSJQcHJvamVjdHMvY2F0YWx5dGljYS1iOGFkOS9sb2NhdGlvbnMvdXMtY2VudHJhbDEvZnVuY3Rpb25zL3NjaGVkdWxlZFdlYXRoZXJVcGRhdGUqDAiS8Me/BhDgkZaGAzIIbm9kZWpzMjI6dgojZ2NyLmlvL2dhZS1ydW50aW1lcy9ub2RlanMyMjpzdGFibGUST3VzLWNlbnRyYWwxLWRvY2tlci5wa2cuZGV2L3NlcnZlcmxlc3MtcnVudGltZXMvZ29vZ2xlLTIyLWZ1bGwvcnVudGltZXMvbm9kZWpzMjJAAQ==","operationType":"UPDATE_FUNCTION","buildName":"projects/891546386409/locations/us-central1/builds/e85d7736-eda4-4ac2-82d7-1f38bba52ff1"},"done":false}
[debug] [2025-04-06T03:42:28.981Z] Got source token Cldwcm9qZWN0cy84OTE1NDYzODY0MDkvbG9jYXRpb25zL3VzLWNlbnRyYWwxL2J1aWxkcy9lODVkNzczNi1lZGE0LTRhYzItODJkNy0xZjM4YmJhNTJmZjESfXVzLWNlbnRyYWwxLWRvY2tlci5wa2cuZGV2L2NhdGFseXRpY2EtYjhhZDkvZ2NmLWFydGlmYWN0cy9jYXRhbHl0aWNhLS1iOGFkOV9fdXMtLWNlbnRyYWwxX19zY2hlZHVsZWRfd2VhdGhlcl91cGRhdGU6dmVyc2lvbl8xGOn/uKL5GSJQcHJvamVjdHMvY2F0YWx5dGljYS1iOGFkOS9sb2NhdGlvbnMvdXMtY2VudHJhbDEvZnVuY3Rpb25zL3NjaGVkdWxlZFdlYXRoZXJVcGRhdGUqDAiS8Me/BhDgkZaGAzIIbm9kZWpzMjI6dgojZ2NyLmlvL2dhZS1ydW50aW1lcy9ub2RlanMyMjpzdGFibGUST3VzLWNlbnRyYWwxLWRvY2tlci5wa2cuZGV2L3NlcnZlcmxlc3MtcnVudGltZXMvZ29vZ2xlLTIyLWZ1bGwvcnVudGltZXMvbm9kZWpzMjJAAQ== for region us-central1
